<?xml version="1.0" encoding="UTF-8"?>
<!-- Generated by org.testng.reporters.JUnitXMLReporter -->
<testsuite ignored="0" hostname="LAPTOP-65CEBPK8" failures="1" tests="8" name="Think Numbers Smoke Test Cases" time="159.768" errors="0" timestamp="2021-09-29T11:02:37 IST">
  <testcase classname="com.thinknumbers.smoketesting.ThinkNumbersSmokeTest" name="companyTest" time="0.253"/>
  <testcase classname="com.thinknumbers.smoketesting.ThinkNumbersSmokeTest" name="subMasterTest" time="1.29"/>
  <testcase classname="com.thinknumbers.smoketesting.ThinkNumbersSmokeTest" name="analysisGroupTest" time="0.15"/>
  <testcase classname="com.thinknumbers.smoketesting.ThinkNumbersSmokeTest" name="accountingGroupTest" time="0.195"/>
  <testcase classname="com.thinknumbers.smoketesting.ThinkNumbersSmokeTest" name="dayBookTest" time="1.411">
    <failure type="org.openqa.selenium.ElementClickInterceptedException" message="element click intercepted: Element &amp;lt;a _ngcontent-wmg-c27=&amp;quot;&amp;quot; class=&amp;quot;mat-tab-link ng-star-inserted&amp;quot; mat-tab-link=&amp;quot;&amp;quot; routerlinkactive=&amp;quot;&amp;quot; ng-reflect-active=&amp;quot;false&amp;quot; ng-reflect-router-link=&amp;quot;un-freeze-list&amp;quot; ng-reflect-router-link-active=&amp;quot;&amp;quot; aria-disabled=&amp;quot;false&amp;quot; tabindex=&amp;quot;0&amp;quot; href=&amp;quot;#/thinknumbers/masters/day-books/un-freeze-list&amp;quot;&amp;gt;...&amp;lt;/a&amp;gt; is not clickable at point (670, 113). Other element would receive the click: &amp;lt;div class=&amp;quot;cdk-overlay-backdrop cdk-overlay-dark-backdrop cdk-overlay-backdrop-showing&amp;quot;&amp;gt;&amp;lt;/div&amp;gt;
  (Session info: chrome=94.0.4606.61)
Build info: version: &amp;apos;3.141.59&amp;apos;, revision: &amp;apos;e82be7d358&amp;apos;, time: &amp;apos;2018-11-14T08:17:03&amp;apos;
System info: host: &amp;apos;LAPTOP-65CEBPK8&amp;apos;, ip: &amp;apos;10.81.233.8&amp;apos;, os.name: &amp;apos;Windows 10&amp;apos;, os.arch: &amp;apos;amd64&amp;apos;, os.version: &amp;apos;10.0&amp;apos;, java.version: &amp;apos;16.0.2&amp;apos;
Driver info: org.openqa.selenium.chrome.ChromeDriver
Capabilities {acceptInsecureCerts: false, browserName: chrome, browserVersion: 94.0.4606.61, chrome: {chromedriverVersion: 93.0.4577.15 (660fc11082ba5..., userDataDir: C:\Users\ahmed\AppData\Loca...}, goog:chromeOptions: {debuggerAddress: localhost:53016}, javascriptEnabled: true, networkConnectionEnabled: false, pageLoadStrategy: normal, platform: WINDOWS, platformName: WINDOWS, proxy: Proxy(), setWindowRect: true, strictFileInteractability: false, timeouts: {implicit: 0, pageLoad: 300000, script: 30000}, unhandledPromptBehavior: dismiss and notify, webauthn:extension:credBlob: true, webauthn:extension:largeBlob: true, webauthn:virtualAuthenticators: true}
Session ID: 332399c62c427e1c3b0a48fb1ef6c83c">
      <![CDATA[org.openqa.selenium.ElementClickInterceptedException: element click intercepted: Element <a _ngcontent-wmg-c27="" class="mat-tab-link ng-star-inserted" mat-tab-link="" routerlinkactive="" ng-reflect-active="false" ng-reflect-router-link="un-freeze-list" ng-reflect-router-link-active="" aria-disabled="false" tabindex="0" href="#/thinknumbers/masters/day-books/un-freeze-list">...</a> is not clickable at point (670, 113). Other element would receive the click: <div class="cdk-overlay-backdrop cdk-overlay-dark-backdrop cdk-overlay-backdrop-showing"></div>
  (Session info: chrome=94.0.4606.61)
Build info: version: '3.141.59', revision: 'e82be7d358', time: '2018-11-14T08:17:03'
System info: host: 'LAPTOP-65CEBPK8', ip: '10.81.233.8', os.name: 'Windows 10', os.arch: 'amd64', os.version: '10.0', java.version: '16.0.2'
Driver info: org.openqa.selenium.chrome.ChromeDriver
Capabilities {acceptInsecureCerts: false, browserName: chrome, browserVersion: 94.0.4606.61, chrome: {chromedriverVersion: 93.0.4577.15 (660fc11082ba5..., userDataDir: C:\Users\ahmed\AppData\Loca...}, goog:chromeOptions: {debuggerAddress: localhost:53016}, javascriptEnabled: true, networkConnectionEnabled: false, pageLoadStrategy: normal, platform: WINDOWS, platformName: WINDOWS, proxy: Proxy(), setWindowRect: true, strictFileInteractability: false, timeouts: {implicit: 0, pageLoad: 300000, script: 30000}, unhandledPromptBehavior: dismiss and notify, webauthn:extension:credBlob: true, webauthn:extension:largeBlob: true, webauthn:virtualAuthenticators: true}
Session ID: 332399c62c427e1c3b0a48fb1ef6c83c
at org.openqa.selenium.remote.http.W3CHttpResponseCodec.createException(W3CHttpResponseCodec.java:187)
at org.openqa.selenium.remote.http.W3CHttpResponseCodec.decode(W3CHttpResponseCodec.java:122)
at org.openqa.selenium.remote.http.W3CHttpResponseCodec.decode(W3CHttpResponseCodec.java:49)
at org.openqa.selenium.remote.HttpCommandExecutor.execute(HttpCommandExecutor.java:158)
at org.openqa.selenium.remote.service.DriverCommandExecutor.execute(DriverCommandExecutor.java:83)
at org.openqa.selenium.remote.RemoteWebDriver.execute(RemoteWebDriver.java:552)
at org.openqa.selenium.remote.RemoteWebElement.execute(RemoteWebElement.java:285)
at org.openqa.selenium.remote.RemoteWebElement.click(RemoteWebElement.java:84)
at org.openqa.selenium.support.events.EventFiringWebDriver$EventFiringWebElement.lambda$new$0(EventFiringWebDriver.java:404)
at jdk.proxy2/jdk.proxy2.$Proxy11.click(Unknown Source)
at org.openqa.selenium.support.events.EventFiringWebDriver$EventFiringWebElement.click(EventFiringWebDriver.java:417)
at com.thinknumbers.smoketesting.ThinkNumbersSmokeTest.dayBookTest(ThinkNumbersSmokeTest.java:137)
at java.base/java.util.ArrayList.forEach(ArrayList.java:1511)
... Removed 35 stack frames]]>
    </failure>
  </testcase> <!-- dayBookTest -->
  <testcase classname="com.thinknumbers.smoketesting.ThinkNumbersSmokeTest" name="trailBalanceTest" time="0.434"/>
  <testcase classname="com.thinknumbers.smoketesting.ThinkNumbersSmokeTest" name="fasTrailBalanceTest" time="0.383"/>
  <testcase classname="com.thinknumbers.smoketesting.ThinkNumbersSmokeTest" name="reportingLedgerTest" time="0.4"/>
</testsuite> <!-- Think Numbers Smoke Test Cases -->
