<?xml version="1.0" encoding="UTF-8"?>
<!-- Generated by org.testng.reporters.JUnitXMLReporter -->
<testsuite ignored="7" hostname="LAPTOP-65CEBPK8" failures="9" tests="109" name="Think Numbers Test Cases" time="2754.486" errors="0" timestamp="2022-01-21T17:03:22 IST">
  <testcase classname="com.thinknumbers.testcases.FasMastersLedgerListPageTest" name="@BeforeMethod setUp" time="17.375">
    <failure type="org.openqa.selenium.ElementClickInterceptedException" message="element click intercepted: Element &amp;lt;a _ngcontent-dym-c30=&amp;quot;&amp;quot; href=&amp;quot;#/thinknumbers/master/fas-groups&amp;quot; ng-reflect-router-link=&amp;quot;fas-groups&amp;quot; ng-reflect-router-link-active=&amp;quot;active&amp;quot;&amp;gt;...&amp;lt;/a&amp;gt; is not clickable at point (132, 195). Other element would receive the click: &amp;lt;div class=&amp;quot;cdk-overlay-backdrop cdk-overlay-dark-backdrop cdk-overlay-backdrop-showing&amp;quot;&amp;gt;&amp;lt;/div&amp;gt;
  (Session info: MicrosoftEdge=97.0.1072.69)
Build info: version: &amp;apos;3.141.59&amp;apos;, revision: &amp;apos;e82be7d358&amp;apos;, time: &amp;apos;2018-11-14T08:17:03&amp;apos;
System info: host: &amp;apos;LAPTOP-65CEBPK8&amp;apos;, ip: &amp;apos;192.168.1.5&amp;apos;, os.name: &amp;apos;Windows 10&amp;apos;, os.arch: &amp;apos;amd64&amp;apos;, os.version: &amp;apos;10.0&amp;apos;, java.version: &amp;apos;16.0.2&amp;apos;
Driver info: org.openqa.selenium.edge.EdgeDriver
Capabilities {acceptInsecureCerts: false, browserName: msedge, browserVersion: 97.0.1072.69, javascriptEnabled: true, ms:edgeOptions: {debuggerAddress: localhost:59317}, msedge: {msedgedriverVersion: 96.0.1054.57 (37903eda6e60d..., userDataDir: C:\Users\ahmed\AppData\Loca...}, networkConnectionEnabled: false, pageLoadStrategy: normal, platform: WINDOWS, platformName: WINDOWS, proxy: Proxy(), setWindowRect: true, strictFileInteractability: false, timeouts: {implicit: 0, pageLoad: 300000, script: 30000}, unhandledPromptBehavior: dismiss and notify, webauthn:extension:credBlob: true, webauthn:extension:largeBlob: true, webauthn:virtualAuthenticators: true}
Session ID: 596410e59aa022053c16358f31f0089f">
      <![CDATA[org.openqa.selenium.ElementClickInterceptedException: element click intercepted: Element <a _ngcontent-dym-c30="" href="#/thinknumbers/master/fas-groups" ng-reflect-router-link="fas-groups" ng-reflect-router-link-active="active">...</a> is not clickable at point (132, 195). Other element would receive the click: <div class="cdk-overlay-backdrop cdk-overlay-dark-backdrop cdk-overlay-backdrop-showing"></div>
  (Session info: MicrosoftEdge=97.0.1072.69)
Build info: version: '3.141.59', revision: 'e82be7d358', time: '2018-11-14T08:17:03'
System info: host: 'LAPTOP-65CEBPK8', ip: '192.168.1.5', os.name: 'Windows 10', os.arch: 'amd64', os.version: '10.0', java.version: '16.0.2'
Driver info: org.openqa.selenium.edge.EdgeDriver
Capabilities {acceptInsecureCerts: false, browserName: msedge, browserVersion: 97.0.1072.69, javascriptEnabled: true, ms:edgeOptions: {debuggerAddress: localhost:59317}, msedge: {msedgedriverVersion: 96.0.1054.57 (37903eda6e60d..., userDataDir: C:\Users\ahmed\AppData\Loca...}, networkConnectionEnabled: false, pageLoadStrategy: normal, platform: WINDOWS, platformName: WINDOWS, proxy: Proxy(), setWindowRect: true, strictFileInteractability: false, timeouts: {implicit: 0, pageLoad: 300000, script: 30000}, unhandledPromptBehavior: dismiss and notify, webauthn:extension:credBlob: true, webauthn:extension:largeBlob: true, webauthn:virtualAuthenticators: true}
Session ID: 596410e59aa022053c16358f31f0089f
at org.openqa.selenium.remote.http.W3CHttpResponseCodec.createException(W3CHttpResponseCodec.java:187)
at org.openqa.selenium.remote.http.W3CHttpResponseCodec.decode(W3CHttpResponseCodec.java:122)
at org.openqa.selenium.remote.http.W3CHttpResponseCodec.decode(W3CHttpResponseCodec.java:49)
at org.openqa.selenium.remote.HttpCommandExecutor.execute(HttpCommandExecutor.java:158)
at org.openqa.selenium.remote.service.DriverCommandExecutor.execute(DriverCommandExecutor.java:83)
at org.openqa.selenium.remote.RemoteWebDriver.execute(RemoteWebDriver.java:552)
at org.openqa.selenium.remote.RemoteWebElement.execute(RemoteWebElement.java:285)
at org.openqa.selenium.remote.RemoteWebElement.click(RemoteWebElement.java:84)
at org.openqa.selenium.support.events.EventFiringWebDriver$EventFiringWebElement.lambda$new$0(EventFiringWebDriver.java:404)
at jdk.proxy2/jdk.proxy2.$Proxy16.click(Unknown Source)
at org.openqa.selenium.support.events.EventFiringWebDriver$EventFiringWebElement.click(EventFiringWebDriver.java:417)
at org.openqa.selenium.support.pagefactory.internal.LocatingElementHandler.invoke(LocatingElementHandler.java:51)
at jdk.proxy2/jdk.proxy2.$Proxy15.click(Unknown Source)
at com.thinknumbers.pages.MasterPage.goToFasMastersFasGroupListPage(MasterPage.java:342)
at com.thinknumbers.pages.MasterPage.goToFasMastersLedgerListPage(MasterPage.java:404)
at com.thinknumbers.testcases.FasMastersLedgerListPageTest.setUp(FasMastersLedgerListPageTest.java:49)
at java.base/java.util.ArrayList.forEach(ArrayList.java:1511)
... Removed 42 stack frames]]>
    </failure>
  </testcase> <!-- @BeforeMethod setUp -->
  <testcase classname="com.thinknumbers.testcases.FasMastersLedgerListPageTest" name="@AfterMethod tearDown" time="-1.642762443812E9">
    <skipped/>
  </testcase> <!-- @AfterMethod tearDown -->
  <testcase classname="com.thinknumbers.testcases.FasMastersMapWithLedgerPageTest" name="@BeforeMethod setUp" time="14.313">
    <failure type="org.openqa.selenium.ElementClickInterceptedException" message="element click intercepted: Element &amp;lt;a _ngcontent-wlf-c30=&amp;quot;&amp;quot; href=&amp;quot;#/thinknumbers/master/fas-groups&amp;quot; ng-reflect-router-link=&amp;quot;fas-groups&amp;quot; ng-reflect-router-link-active=&amp;quot;active&amp;quot;&amp;gt;...&amp;lt;/a&amp;gt; is not clickable at point (132, 195). Other element would receive the click: &amp;lt;div class=&amp;quot;cdk-overlay-backdrop cdk-overlay-dark-backdrop cdk-overlay-backdrop-showing&amp;quot;&amp;gt;&amp;lt;/div&amp;gt;
  (Session info: MicrosoftEdge=97.0.1072.69)
Build info: version: &amp;apos;3.141.59&amp;apos;, revision: &amp;apos;e82be7d358&amp;apos;, time: &amp;apos;2018-11-14T08:17:03&amp;apos;
System info: host: &amp;apos;LAPTOP-65CEBPK8&amp;apos;, ip: &amp;apos;192.168.1.5&amp;apos;, os.name: &amp;apos;Windows 10&amp;apos;, os.arch: &amp;apos;amd64&amp;apos;, os.version: &amp;apos;10.0&amp;apos;, java.version: &amp;apos;16.0.2&amp;apos;
Driver info: org.openqa.selenium.edge.EdgeDriver
Capabilities {acceptInsecureCerts: false, browserName: msedge, browserVersion: 97.0.1072.69, javascriptEnabled: true, ms:edgeOptions: {debuggerAddress: localhost:59555}, msedge: {msedgedriverVersion: 96.0.1054.57 (37903eda6e60d..., userDataDir: C:\Users\ahmed\AppData\Loca...}, networkConnectionEnabled: false, pageLoadStrategy: normal, platform: WINDOWS, platformName: WINDOWS, proxy: Proxy(), setWindowRect: true, strictFileInteractability: false, timeouts: {implicit: 0, pageLoad: 300000, script: 30000}, unhandledPromptBehavior: dismiss and notify, webauthn:extension:credBlob: true, webauthn:extension:largeBlob: true, webauthn:virtualAuthenticators: true}
Session ID: 6709fe381e0cd07c67a208de5cd09ded">
      <![CDATA[org.openqa.selenium.ElementClickInterceptedException: element click intercepted: Element <a _ngcontent-wlf-c30="" href="#/thinknumbers/master/fas-groups" ng-reflect-router-link="fas-groups" ng-reflect-router-link-active="active">...</a> is not clickable at point (132, 195). Other element would receive the click: <div class="cdk-overlay-backdrop cdk-overlay-dark-backdrop cdk-overlay-backdrop-showing"></div>
  (Session info: MicrosoftEdge=97.0.1072.69)
Build info: version: '3.141.59', revision: 'e82be7d358', time: '2018-11-14T08:17:03'
System info: host: 'LAPTOP-65CEBPK8', ip: '192.168.1.5', os.name: 'Windows 10', os.arch: 'amd64', os.version: '10.0', java.version: '16.0.2'
Driver info: org.openqa.selenium.edge.EdgeDriver
Capabilities {acceptInsecureCerts: false, browserName: msedge, browserVersion: 97.0.1072.69, javascriptEnabled: true, ms:edgeOptions: {debuggerAddress: localhost:59555}, msedge: {msedgedriverVersion: 96.0.1054.57 (37903eda6e60d..., userDataDir: C:\Users\ahmed\AppData\Loca...}, networkConnectionEnabled: false, pageLoadStrategy: normal, platform: WINDOWS, platformName: WINDOWS, proxy: Proxy(), setWindowRect: true, strictFileInteractability: false, timeouts: {implicit: 0, pageLoad: 300000, script: 30000}, unhandledPromptBehavior: dismiss and notify, webauthn:extension:credBlob: true, webauthn:extension:largeBlob: true, webauthn:virtualAuthenticators: true}
Session ID: 6709fe381e0cd07c67a208de5cd09ded
at org.openqa.selenium.remote.http.W3CHttpResponseCodec.createException(W3CHttpResponseCodec.java:187)
at org.openqa.selenium.remote.http.W3CHttpResponseCodec.decode(W3CHttpResponseCodec.java:122)
at org.openqa.selenium.remote.http.W3CHttpResponseCodec.decode(W3CHttpResponseCodec.java:49)
at org.openqa.selenium.remote.HttpCommandExecutor.execute(HttpCommandExecutor.java:158)
at org.openqa.selenium.remote.service.DriverCommandExecutor.execute(DriverCommandExecutor.java:83)
at org.openqa.selenium.remote.RemoteWebDriver.execute(RemoteWebDriver.java:552)
at org.openqa.selenium.remote.RemoteWebElement.execute(RemoteWebElement.java:285)
at org.openqa.selenium.remote.RemoteWebElement.click(RemoteWebElement.java:84)
at org.openqa.selenium.support.events.EventFiringWebDriver$EventFiringWebElement.lambda$new$0(EventFiringWebDriver.java:404)
at jdk.proxy2/jdk.proxy2.$Proxy16.click(Unknown Source)
at org.openqa.selenium.support.events.EventFiringWebDriver$EventFiringWebElement.click(EventFiringWebDriver.java:417)
at org.openqa.selenium.support.pagefactory.internal.LocatingElementHandler.invoke(LocatingElementHandler.java:51)
at jdk.proxy2/jdk.proxy2.$Proxy15.click(Unknown Source)
at com.thinknumbers.pages.MasterPage.goToFasMastersFasGroupListPage(MasterPage.java:342)
at com.thinknumbers.pages.MasterPage.goToFasMastersMapWithLedgerPage(MasterPage.java:410)
at com.thinknumbers.testcases.FasMastersMapWithLedgerPageTest.setUp(FasMastersMapWithLedgerPageTest.java:49)
at java.base/java.util.ArrayList.forEach(ArrayList.java:1511)
... Removed 42 stack frames]]>
    </failure>
  </testcase> <!-- @BeforeMethod setUp -->
  <testcase classname="com.thinknumbers.testcases.FasMastersMapWithLedgerPageTest" name="@AfterMethod tearDown" time="-1.642762501681E9">
    <skipped/>
  </testcase> <!-- @AfterMethod tearDown -->
  <testcase classname="com.thinknumbers.testcases.FasMastersMapWithLedgerPageTest" name="@BeforeMethod setUp" time="-1.642762501683E9">
    <skipped/>
  </testcase> <!-- @BeforeMethod setUp -->
  <testcase classname="com.thinknumbers.testcases.FasMastersMapWithLedgerPageTest" name="@AfterMethod tearDown" time="-1.642762501688E9">
    <skipped/>
  </testcase> <!-- @AfterMethod tearDown -->
  <testcase classname="com.thinknumbers.testcases.FasMastersMapWithLedgerPageTest" name="@BeforeMethod setUp" time="-1.64276250169E9">
    <skipped/>
  </testcase> <!-- @BeforeMethod setUp -->
  <testcase classname="com.thinknumbers.testcases.FasMastersMapWithLedgerPageTest" name="@AfterMethod tearDown" time="-1.642762501695E9">
    <skipped/>
  </testcase> <!-- @AfterMethod tearDown -->
  <testcase classname="com.thinknumbers.testcases.FasMastersMapWithLedgerPageTest" name="@BeforeMethod setUp" time="-1.642762501696E9">
    <skipped/>
  </testcase> <!-- @BeforeMethod setUp -->
  <testcase classname="com.thinknumbers.testcases.FasMastersMapWithLedgerPageTest" name="@AfterMethod tearDown" time="-1.642762501701E9">
    <skipped/>
  </testcase> <!-- @AfterMethod tearDown -->
  <testcase classname="com.thinknumbers.testcases.FasMastersMapWithLedgerPageTest" name="@BeforeMethod setUp" time="-1.642762501702E9">
    <skipped/>
  </testcase> <!-- @BeforeMethod setUp -->
  <testcase classname="com.thinknumbers.testcases.FasMastersMapWithLedgerPageTest" name="@AfterMethod tearDown" time="-1.642762501705E9">
    <skipped/>
  </testcase> <!-- @AfterMethod tearDown -->
  <testcase classname="com.thinknumbers.testcases.RLReportingLedgerListsPageTest" name="@BeforeMethod setUp" time="14.432">
    <failure type="org.openqa.selenium.ElementClickInterceptedException" message="element click intercepted: Element &amp;lt;a _ngcontent-eba-c30=&amp;quot;&amp;quot; href=&amp;quot;#/thinknumbers/master/reporting-ledgers&amp;quot; ng-reflect-router-link=&amp;quot;reporting-ledgers&amp;quot; ng-reflect-router-link-active=&amp;quot;active&amp;quot;&amp;gt;...&amp;lt;/a&amp;gt; is not clickable at point (132, 327). Other element would receive the click: &amp;lt;div class=&amp;quot;cdk-overlay-backdrop cdk-overlay-dark-backdrop cdk-overlay-backdrop-showing&amp;quot;&amp;gt;&amp;lt;/div&amp;gt;
  (Session info: MicrosoftEdge=97.0.1072.69)
Build info: version: &amp;apos;3.141.59&amp;apos;, revision: &amp;apos;e82be7d358&amp;apos;, time: &amp;apos;2018-11-14T08:17:03&amp;apos;
System info: host: &amp;apos;LAPTOP-65CEBPK8&amp;apos;, ip: &amp;apos;192.168.1.5&amp;apos;, os.name: &amp;apos;Windows 10&amp;apos;, os.arch: &amp;apos;amd64&amp;apos;, os.version: &amp;apos;10.0&amp;apos;, java.version: &amp;apos;16.0.2&amp;apos;
Driver info: org.openqa.selenium.edge.EdgeDriver
Capabilities {acceptInsecureCerts: false, browserName: msedge, browserVersion: 97.0.1072.69, javascriptEnabled: true, ms:edgeOptions: {debuggerAddress: localhost:62290}, msedge: {msedgedriverVersion: 96.0.1054.57 (37903eda6e60d..., userDataDir: C:\Users\ahmed\AppData\Loca...}, networkConnectionEnabled: false, pageLoadStrategy: normal, platform: WINDOWS, platformName: WINDOWS, proxy: Proxy(), setWindowRect: true, strictFileInteractability: false, timeouts: {implicit: 0, pageLoad: 300000, script: 30000}, unhandledPromptBehavior: dismiss and notify, webauthn:extension:credBlob: true, webauthn:extension:largeBlob: true, webauthn:virtualAuthenticators: true}
Session ID: 8a5ee685e38c8be637e0b1ee898cc908">
      <![CDATA[org.openqa.selenium.ElementClickInterceptedException: element click intercepted: Element <a _ngcontent-eba-c30="" href="#/thinknumbers/master/reporting-ledgers" ng-reflect-router-link="reporting-ledgers" ng-reflect-router-link-active="active">...</a> is not clickable at point (132, 327). Other element would receive the click: <div class="cdk-overlay-backdrop cdk-overlay-dark-backdrop cdk-overlay-backdrop-showing"></div>
  (Session info: MicrosoftEdge=97.0.1072.69)
Build info: version: '3.141.59', revision: 'e82be7d358', time: '2018-11-14T08:17:03'
System info: host: 'LAPTOP-65CEBPK8', ip: '192.168.1.5', os.name: 'Windows 10', os.arch: 'amd64', os.version: '10.0', java.version: '16.0.2'
Driver info: org.openqa.selenium.edge.EdgeDriver
Capabilities {acceptInsecureCerts: false, browserName: msedge, browserVersion: 97.0.1072.69, javascriptEnabled: true, ms:edgeOptions: {debuggerAddress: localhost:62290}, msedge: {msedgedriverVersion: 96.0.1054.57 (37903eda6e60d..., userDataDir: C:\Users\ahmed\AppData\Loca...}, networkConnectionEnabled: false, pageLoadStrategy: normal, platform: WINDOWS, platformName: WINDOWS, proxy: Proxy(), setWindowRect: true, strictFileInteractability: false, timeouts: {implicit: 0, pageLoad: 300000, script: 30000}, unhandledPromptBehavior: dismiss and notify, webauthn:extension:credBlob: true, webauthn:extension:largeBlob: true, webauthn:virtualAuthenticators: true}
Session ID: 8a5ee685e38c8be637e0b1ee898cc908
at org.openqa.selenium.remote.http.W3CHttpResponseCodec.createException(W3CHttpResponseCodec.java:187)
at org.openqa.selenium.remote.http.W3CHttpResponseCodec.decode(W3CHttpResponseCodec.java:122)
at org.openqa.selenium.remote.http.W3CHttpResponseCodec.decode(W3CHttpResponseCodec.java:49)
at org.openqa.selenium.remote.HttpCommandExecutor.execute(HttpCommandExecutor.java:158)
at org.openqa.selenium.remote.service.DriverCommandExecutor.execute(DriverCommandExecutor.java:83)
at org.openqa.selenium.remote.RemoteWebDriver.execute(RemoteWebDriver.java:552)
at org.openqa.selenium.remote.RemoteWebElement.execute(RemoteWebElement.java:285)
at org.openqa.selenium.remote.RemoteWebElement.click(RemoteWebElement.java:84)
at org.openqa.selenium.support.events.EventFiringWebDriver$EventFiringWebElement.lambda$new$0(EventFiringWebDriver.java:404)
at jdk.proxy2/jdk.proxy2.$Proxy16.click(Unknown Source)
at org.openqa.selenium.support.events.EventFiringWebDriver$EventFiringWebElement.click(EventFiringWebDriver.java:417)
at org.openqa.selenium.support.pagefactory.internal.LocatingElementHandler.invoke(LocatingElementHandler.java:51)
at jdk.proxy2/jdk.proxy2.$Proxy15.click(Unknown Source)
at com.thinknumbers.pages.MasterPage.goToRLReportingLedgerListsPage(MasterPage.java:362)
at com.thinknumbers.testcases.RLReportingLedgerListsPageTest.setUp(RLReportingLedgerListsPageTest.java:45)
at java.base/java.util.ArrayList.forEach(ArrayList.java:1511)
... Removed 42 stack frames]]>
    </failure>
  </testcase> <!-- @BeforeMethod setUp -->
  <testcase classname="com.thinknumbers.testcases.RLReportingLedgerListsPageTest" name="@AfterMethod tearDown" time="-1.642763461379E9">
    <skipped/>
  </testcase> <!-- @AfterMethod tearDown -->
  <testcase classname="com.thinknumbers.testcases.RLReportingLedgerListsPageTest" name="@BeforeMethod setUp" time="-1.64276346138E9">
    <skipped/>
  </testcase> <!-- @BeforeMethod setUp -->
  <testcase classname="com.thinknumbers.testcases.RLReportingLedgerListsPageTest" name="@AfterMethod tearDown" time="-1.642763461384E9">
    <skipped/>
  </testcase> <!-- @AfterMethod tearDown -->
  <testcase classname="com.thinknumbers.testcases.RLReportingLedgerListsPageTest" name="@BeforeMethod setUp" time="-1.642763461445E9">
    <skipped/>
  </testcase> <!-- @BeforeMethod setUp -->
  <testcase classname="com.thinknumbers.testcases.RLReportingLedgerListsPageTest" name="@AfterMethod tearDown" time="-1.642763461449E9">
    <skipped/>
  </testcase> <!-- @AfterMethod tearDown -->
  <testcase classname="com.thinknumbers.testcases.RLReportingLedgerListsPageTest" name="@BeforeMethod setUp" time="-1.64276346145E9">
    <skipped/>
  </testcase> <!-- @BeforeMethod setUp -->
  <testcase classname="com.thinknumbers.testcases.RLReportingLedgerListsPageTest" name="@AfterMethod tearDown" time="-1.642763461451E9">
    <skipped/>
  </testcase> <!-- @AfterMethod tearDown -->
  <testcase classname="com.thinknumbers.testcases.DashboardDesignTablesPageTest" name="@BeforeMethod setUp" time="14.872">
    <failure type="org.openqa.selenium.ElementClickInterceptedException" message="element click intercepted: Element &amp;lt;img _ngcontent-iqx-c3=&amp;quot;&amp;quot; alt=&amp;quot;&amp;quot; src=&amp;quot;assets/images/menu-icon-5.png&amp;quot; title=&amp;quot;Master&amp;quot;&amp;gt; is not clickable at point (25, 202). Other element would receive the click: &amp;lt;ul _ngcontent-iqx-c3=&amp;quot;&amp;quot;&amp;gt;...&amp;lt;/ul&amp;gt;
  (Session info: MicrosoftEdge=97.0.1072.69)
Build info: version: &amp;apos;3.141.59&amp;apos;, revision: &amp;apos;e82be7d358&amp;apos;, time: &amp;apos;2018-11-14T08:17:03&amp;apos;
System info: host: &amp;apos;LAPTOP-65CEBPK8&amp;apos;, ip: &amp;apos;192.168.1.5&amp;apos;, os.name: &amp;apos;Windows 10&amp;apos;, os.arch: &amp;apos;amd64&amp;apos;, os.version: &amp;apos;10.0&amp;apos;, java.version: &amp;apos;16.0.2&amp;apos;
Driver info: org.openqa.selenium.edge.EdgeDriver
Capabilities {acceptInsecureCerts: false, browserName: msedge, browserVersion: 97.0.1072.69, javascriptEnabled: true, ms:edgeOptions: {debuggerAddress: localhost:65073}, msedge: {msedgedriverVersion: 96.0.1054.57 (37903eda6e60d..., userDataDir: C:\Users\ahmed\AppData\Loca...}, networkConnectionEnabled: false, pageLoadStrategy: normal, platform: WINDOWS, platformName: WINDOWS, proxy: Proxy(), setWindowRect: true, strictFileInteractability: false, timeouts: {implicit: 0, pageLoad: 300000, script: 30000}, unhandledPromptBehavior: dismiss and notify, webauthn:extension:credBlob: true, webauthn:extension:largeBlob: true, webauthn:virtualAuthenticators: true}
Session ID: e0a75a7b9e844ab61bffe323caf4d1a9">
      <![CDATA[org.openqa.selenium.ElementClickInterceptedException: element click intercepted: Element <img _ngcontent-iqx-c3="" alt="" src="assets/images/menu-icon-5.png" title="Master"> is not clickable at point (25, 202). Other element would receive the click: <ul _ngcontent-iqx-c3="">...</ul>
  (Session info: MicrosoftEdge=97.0.1072.69)
Build info: version: '3.141.59', revision: 'e82be7d358', time: '2018-11-14T08:17:03'
System info: host: 'LAPTOP-65CEBPK8', ip: '192.168.1.5', os.name: 'Windows 10', os.arch: 'amd64', os.version: '10.0', java.version: '16.0.2'
Driver info: org.openqa.selenium.edge.EdgeDriver
Capabilities {acceptInsecureCerts: false, browserName: msedge, browserVersion: 97.0.1072.69, javascriptEnabled: true, ms:edgeOptions: {debuggerAddress: localhost:65073}, msedge: {msedgedriverVersion: 96.0.1054.57 (37903eda6e60d..., userDataDir: C:\Users\ahmed\AppData\Loca...}, networkConnectionEnabled: false, pageLoadStrategy: normal, platform: WINDOWS, platformName: WINDOWS, proxy: Proxy(), setWindowRect: true, strictFileInteractability: false, timeouts: {implicit: 0, pageLoad: 300000, script: 30000}, unhandledPromptBehavior: dismiss and notify, webauthn:extension:credBlob: true, webauthn:extension:largeBlob: true, webauthn:virtualAuthenticators: true}
Session ID: e0a75a7b9e844ab61bffe323caf4d1a9
at org.openqa.selenium.remote.http.W3CHttpResponseCodec.createException(W3CHttpResponseCodec.java:187)
at org.openqa.selenium.remote.http.W3CHttpResponseCodec.decode(W3CHttpResponseCodec.java:122)
at org.openqa.selenium.remote.http.W3CHttpResponseCodec.decode(W3CHttpResponseCodec.java:49)
at org.openqa.selenium.remote.HttpCommandExecutor.execute(HttpCommandExecutor.java:158)
at org.openqa.selenium.remote.service.DriverCommandExecutor.execute(DriverCommandExecutor.java:83)
at org.openqa.selenium.remote.RemoteWebDriver.execute(RemoteWebDriver.java:552)
at org.openqa.selenium.remote.RemoteWebElement.execute(RemoteWebElement.java:285)
at org.openqa.selenium.remote.RemoteWebElement.click(RemoteWebElement.java:84)
at org.openqa.selenium.support.events.EventFiringWebDriver$EventFiringWebElement.lambda$new$0(EventFiringWebDriver.java:404)
at jdk.proxy2/jdk.proxy2.$Proxy16.click(Unknown Source)
at org.openqa.selenium.support.events.EventFiringWebDriver$EventFiringWebElement.click(EventFiringWebDriver.java:417)
at org.openqa.selenium.support.pagefactory.internal.LocatingElementHandler.invoke(LocatingElementHandler.java:51)
at jdk.proxy2/jdk.proxy2.$Proxy15.click(Unknown Source)
at com.thinknumbers.pages.HomePage.goToMaster(HomePage.java:96)
at com.thinknumbers.testcases.DashboardDesignTablesPageTest.setUp(DashboardDesignTablesPageTest.java:44)
at java.base/java.util.ArrayList.forEach(ArrayList.java:1511)
... Removed 42 stack frames]]>
    </failure>
  </testcase> <!-- @BeforeMethod setUp -->
  <testcase classname="com.thinknumbers.testcases.DashboardDesignTablesPageTest" name="@AfterMethod tearDown" time="-1.64276449986E9">
    <skipped/>
  </testcase> <!-- @AfterMethod tearDown -->
  <testcase classname="com.thinknumbers.testcases.DashboardDesignDashboardCreationPageTest" name="@BeforeMethod setUp" time="14.789">
    <failure type="org.openqa.selenium.NoSuchElementException" message="no such element: Unable to locate element: {&amp;quot;method&amp;quot;:&amp;quot;xpath&amp;quot;,&amp;quot;selector&amp;quot;:&amp;quot;//a[contains(text(),&amp;apos;thinknumbers&amp;apos;)]&amp;quot;}
  (Session info: MicrosoftEdge=97.0.1072.69)
For documentation on this error, please visit: https://www.seleniumhq.org/exceptions/no_such_element.html
Build info: version: &amp;apos;3.141.59&amp;apos;, revision: &amp;apos;e82be7d358&amp;apos;, time: &amp;apos;2018-11-14T08:17:03&amp;apos;
System info: host: &amp;apos;LAPTOP-65CEBPK8&amp;apos;, ip: &amp;apos;192.168.1.5&amp;apos;, os.name: &amp;apos;Windows 10&amp;apos;, os.arch: &amp;apos;amd64&amp;apos;, os.version: &amp;apos;10.0&amp;apos;, java.version: &amp;apos;16.0.2&amp;apos;
Driver info: org.openqa.selenium.edge.EdgeDriver
Capabilities {acceptInsecureCerts: false, browserName: msedge, browserVersion: 97.0.1072.69, javascriptEnabled: true, ms:edgeOptions: {debuggerAddress: localhost:65147}, msedge: {msedgedriverVersion: 96.0.1054.57 (37903eda6e60d..., userDataDir: C:\Users\ahmed\AppData\Loca...}, networkConnectionEnabled: false, pageLoadStrategy: normal, platform: WINDOWS, platformName: WINDOWS, proxy: Proxy(), setWindowRect: true, strictFileInteractability: false, timeouts: {implicit: 0, pageLoad: 300000, script: 30000}, unhandledPromptBehavior: dismiss and notify, webauthn:extension:credBlob: true, webauthn:extension:largeBlob: true, webauthn:virtualAuthenticators: true}
Session ID: f519309321da2bd160ac2afb9c4801bb
*** Element info: {Using=xpath, value=//a[contains(text(),&amp;apos;thinknumbers&amp;apos;)]}">
      <![CDATA[org.openqa.selenium.NoSuchElementException: no such element: Unable to locate element: {"method":"xpath","selector":"//a[contains(text(),'thinknumbers')]"}
  (Session info: MicrosoftEdge=97.0.1072.69)
For documentation on this error, please visit: https://www.seleniumhq.org/exceptions/no_such_element.html
Build info: version: '3.141.59', revision: 'e82be7d358', time: '2018-11-14T08:17:03'
System info: host: 'LAPTOP-65CEBPK8', ip: '192.168.1.5', os.name: 'Windows 10', os.arch: 'amd64', os.version: '10.0', java.version: '16.0.2'
Driver info: org.openqa.selenium.edge.EdgeDriver
Capabilities {acceptInsecureCerts: false, browserName: msedge, browserVersion: 97.0.1072.69, javascriptEnabled: true, ms:edgeOptions: {debuggerAddress: localhost:65147}, msedge: {msedgedriverVersion: 96.0.1054.57 (37903eda6e60d..., userDataDir: C:\Users\ahmed\AppData\Loca...}, networkConnectionEnabled: false, pageLoadStrategy: normal, platform: WINDOWS, platformName: WINDOWS, proxy: Proxy(), setWindowRect: true, strictFileInteractability: false, timeouts: {implicit: 0, pageLoad: 300000, script: 30000}, unhandledPromptBehavior: dismiss and notify, webauthn:extension:credBlob: true, webauthn:extension:largeBlob: true, webauthn:virtualAuthenticators: true}
Session ID: f519309321da2bd160ac2afb9c4801bb
*** Element info: {Using=xpath, value=//a[contains(text(),'thinknumbers')]}
at org.openqa.selenium.remote.http.W3CHttpResponseCodec.createException(W3CHttpResponseCodec.java:187)
at org.openqa.selenium.remote.http.W3CHttpResponseCodec.decode(W3CHttpResponseCodec.java:122)
at org.openqa.selenium.remote.http.W3CHttpResponseCodec.decode(W3CHttpResponseCodec.java:49)
at org.openqa.selenium.remote.HttpCommandExecutor.execute(HttpCommandExecutor.java:158)
at org.openqa.selenium.remote.service.DriverCommandExecutor.execute(DriverCommandExecutor.java:83)
at org.openqa.selenium.remote.RemoteWebDriver.execute(RemoteWebDriver.java:552)
at org.openqa.selenium.remote.RemoteWebDriver.findElement(RemoteWebDriver.java:323)
at org.openqa.selenium.remote.RemoteWebDriver.findElementByXPath(RemoteWebDriver.java:428)
at org.openqa.selenium.By$ByXPath.findElement(By.java:353)
at org.openqa.selenium.remote.RemoteWebDriver.findElement(RemoteWebDriver.java:315)
at org.openqa.selenium.support.events.EventFiringWebDriver.lambda$new$1(EventFiringWebDriver.java:105)
at jdk.proxy2/jdk.proxy2.$Proxy11.findElement(Unknown Source)
at org.openqa.selenium.support.events.EventFiringWebDriver.findElement(EventFiringWebDriver.java:194)
at org.openqa.selenium.support.pagefactory.DefaultElementLocator.findElement(DefaultElementLocator.java:69)
at org.openqa.selenium.support.pagefactory.internal.LocatingElementHandler.invoke(LocatingElementHandler.java:38)
at jdk.proxy2/jdk.proxy2.$Proxy15.click(Unknown Source)
at com.thinknumbers.pages.ThinkiamHomePage.goToThinkNumber(ThinkiamHomePage.java:33)
at com.thinknumbers.testcases.DashboardDesignDashboardCreationPageTest.setUp(DashboardDesignDashboardCreationPageTest.java:40)
at java.base/java.util.ArrayList.forEach(ArrayList.java:1511)
... Removed 39 stack frames]]>
    </failure>
  </testcase> <!-- @BeforeMethod setUp -->
  <testcase classname="com.thinknumbers.testcases.DashboardDesignDashboardCreationPageTest" name="@AfterMethod tearDown" time="-1.64276451472E9">
    <skipped/>
  </testcase> <!-- @AfterMethod tearDown -->
  <testcase classname="com.thinknumbers.testcases.DashboardDesignDashboardCreationPageTest" name="@BeforeMethod setUp" time="-1.642764514777E9">
    <skipped/>
  </testcase> <!-- @BeforeMethod setUp -->
  <testcase classname="com.thinknumbers.testcases.DashboardDesignDashboardCreationPageTest" name="@AfterMethod tearDown" time="-1.64276451478E9">
    <skipped/>
  </testcase> <!-- @AfterMethod tearDown -->
  <testcase classname="com.thinknumbers.testcases.DashboardDesignDashboardCreationPageTest" name="@BeforeMethod setUp" time="-1.64276451478E9">
    <skipped/>
  </testcase> <!-- @BeforeMethod setUp -->
  <testcase classname="com.thinknumbers.testcases.DashboardDesignDashboardCreationPageTest" name="@AfterMethod tearDown" time="-1.642764514781E9">
    <skipped/>
  </testcase> <!-- @AfterMethod tearDown -->
  <testcase classname="com.thinknumbers.testcases.LoginPageTest" name="loginTest" time="0.298"/>
  <testcase classname="com.thinknumbers.testcases.ThinkiamHomePageTest" name="verifyHomeTitleTest" time="1.68"/>
  <testcase classname="com.thinknumbers.testcases.ThinkiamHomePageTest" name="goToDashboardTest" time="1.205"/>
  <testcase classname="com.thinknumbers.testcases.HomePageTest" name="verifyHomePageIconsTest" time="0.456"/>
  <testcase classname="com.thinknumbers.testcases.HomePageTest" name="selectDashboardTest" time="7.214"/>
  <testcase classname="com.thinknumbers.testcases.MasterPageTest" name="verifyPageTitleTest" time="0.152"/>
  <testcase classname="com.thinknumbers.testcases.MasterPageTest" name="verifyMastersMenuTest" time="1.428"/>
  <testcase classname="com.thinknumbers.testcases.MasterPageTest" name="verifyMastersPages" time="25.148"/>
  <testcase classname="com.thinknumbers.testcases.CompanyExchangeRatePageTest" name="addExchangeRateTest" time="7.837"/>
  <testcase classname="com.thinknumbers.testcases.CompanyExchangeRatePageTest" name="duplicateExchangeRateTest" time="7.857"/>
  <testcase classname="com.thinknumbers.testcases.FasMastersLedgerListPageTest" name="addLedgerListTest" time="13.156"/>
  <testcase classname="com.thinknumbers.testcases.FasMastersLedgerListPageTest" name="addLedgerListTest" time="12.693"/>
  <testcase classname="com.thinknumbers.testcases.FasMastersLedgerListPageTest" name="uploadLedgerTest" time="5.44"/>
  <testcase classname="com.thinknumbers.testcases.FasMastersLedgerListPageTest" name="editLedgerTest" time="4.784"/>
  <testcase classname="com.thinknumbers.testcases.FasMastersLedgerListPageTest" name="searchLedgerTest" time="2.57"/>
  <testcase classname="com.thinknumbers.testcases.FasMastersLedgerListPageTest" name="duplicateLedgerTest" time="14.059"/>
  <testcase classname="com.thinknumbers.testcases.FasMastersLedgerListPageTest" name="duplicateLedgerTest" time="14.65"/>
  <testcase classname="com.thinknumbers.testcases.FasMastersLedgerListPageTest" name="uploadLedgerNoDataTest" time="0.0">
    <skipped/>
  </testcase> <!-- uploadLedgerNoDataTest -->
  <testcase classname="com.thinknumbers.testcases.FasMastersFasGroupListPageTest" name="searchFasGroupTest" time="0.099">
    <failure type="org.openqa.selenium.StaleElementReferenceException" message="stale element reference: element is not attached to the page document
  (Session info: MicrosoftEdge=97.0.1072.69)
For documentation on this error, please visit: https://www.seleniumhq.org/exceptions/stale_element_reference.html
Build info: version: &amp;apos;3.141.59&amp;apos;, revision: &amp;apos;e82be7d358&amp;apos;, time: &amp;apos;2018-11-14T08:17:03&amp;apos;
System info: host: &amp;apos;LAPTOP-65CEBPK8&amp;apos;, ip: &amp;apos;192.168.1.5&amp;apos;, os.name: &amp;apos;Windows 10&amp;apos;, os.arch: &amp;apos;amd64&amp;apos;, os.version: &amp;apos;10.0&amp;apos;, java.version: &amp;apos;16.0.2&amp;apos;
Driver info: org.openqa.selenium.edge.EdgeDriver
Capabilities {acceptInsecureCerts: false, browserName: msedge, browserVersion: 97.0.1072.69, javascriptEnabled: true, ms:edgeOptions: {debuggerAddress: localhost:59397}, msedge: {msedgedriverVersion: 96.0.1054.57 (37903eda6e60d..., userDataDir: C:\Users\ahmed\AppData\Loca...}, networkConnectionEnabled: false, pageLoadStrategy: normal, platform: WINDOWS, platformName: WINDOWS, proxy: Proxy(), setWindowRect: true, strictFileInteractability: false, timeouts: {implicit: 0, pageLoad: 300000, script: 30000}, unhandledPromptBehavior: dismiss and notify, webauthn:extension:credBlob: true, webauthn:extension:largeBlob: true, webauthn:virtualAuthenticators: true}
Session ID: 1137a8fbf243325a07acfdeea2413060">
      <![CDATA[org.openqa.selenium.StaleElementReferenceException: stale element reference: element is not attached to the page document
  (Session info: MicrosoftEdge=97.0.1072.69)
For documentation on this error, please visit: https://www.seleniumhq.org/exceptions/stale_element_reference.html
Build info: version: '3.141.59', revision: 'e82be7d358', time: '2018-11-14T08:17:03'
System info: host: 'LAPTOP-65CEBPK8', ip: '192.168.1.5', os.name: 'Windows 10', os.arch: 'amd64', os.version: '10.0', java.version: '16.0.2'
Driver info: org.openqa.selenium.edge.EdgeDriver
Capabilities {acceptInsecureCerts: false, browserName: msedge, browserVersion: 97.0.1072.69, javascriptEnabled: true, ms:edgeOptions: {debuggerAddress: localhost:59397}, msedge: {msedgedriverVersion: 96.0.1054.57 (37903eda6e60d..., userDataDir: C:\Users\ahmed\AppData\Loca...}, networkConnectionEnabled: false, pageLoadStrategy: normal, platform: WINDOWS, platformName: WINDOWS, proxy: Proxy(), setWindowRect: true, strictFileInteractability: false, timeouts: {implicit: 0, pageLoad: 300000, script: 30000}, unhandledPromptBehavior: dismiss and notify, webauthn:extension:credBlob: true, webauthn:extension:largeBlob: true, webauthn:virtualAuthenticators: true}
Session ID: 1137a8fbf243325a07acfdeea2413060
at org.openqa.selenium.remote.http.W3CHttpResponseCodec.createException(W3CHttpResponseCodec.java:187)
at org.openqa.selenium.remote.http.W3CHttpResponseCodec.decode(W3CHttpResponseCodec.java:122)
at org.openqa.selenium.remote.http.W3CHttpResponseCodec.decode(W3CHttpResponseCodec.java:49)
at org.openqa.selenium.remote.HttpCommandExecutor.execute(HttpCommandExecutor.java:158)
at org.openqa.selenium.remote.service.DriverCommandExecutor.execute(DriverCommandExecutor.java:83)
at org.openqa.selenium.remote.RemoteWebDriver.execute(RemoteWebDriver.java:552)
at org.openqa.selenium.remote.RemoteWebElement.execute(RemoteWebElement.java:285)
at org.openqa.selenium.remote.RemoteWebElement.sendKeys(RemoteWebElement.java:106)
at org.openqa.selenium.support.events.EventFiringWebDriver$EventFiringWebElement.lambda$new$0(EventFiringWebDriver.java:404)
at jdk.proxy2/jdk.proxy2.$Proxy16.sendKeys(Unknown Source)
at org.openqa.selenium.support.events.EventFiringWebDriver$EventFiringWebElement.sendKeys(EventFiringWebDriver.java:429)
at org.openqa.selenium.support.pagefactory.internal.LocatingElementHandler.invoke(LocatingElementHandler.java:51)
at jdk.proxy2/jdk.proxy2.$Proxy15.sendKeys(Unknown Source)
at com.thinknumbers.pages.FasMastersFasGroupListPage.searchFasGroup(FasMastersFasGroupListPage.java:25)
at com.thinknumbers.testcases.FasMastersFasGroupListPageTest.searchFasGroupTest(FasMastersFasGroupListPageTest.java:49)
at java.base/java.util.ArrayList.forEach(ArrayList.java:1511)
... Removed 38 stack frames]]>
    </failure>
  </testcase> <!-- searchFasGroupTest -->
  <testcase classname="com.thinknumbers.testcases.FasMastersMapWithLedgerPageTest" name="mapLedgerTest" time="9.483"/>
  <testcase classname="com.thinknumbers.testcases.FasMastersMapWithLedgerPageTest" name="resetLedgerTest" time="0.0">
    <skipped/>
  </testcase> <!-- resetLedgerTest -->
  <testcase classname="com.thinknumbers.testcases.FasMastersMapWithLedgerPageTest" name="validateFasGroupRevenueTest" time="0.0">
    <skipped/>
  </testcase> <!-- validateFasGroupRevenueTest -->
  <testcase classname="com.thinknumbers.testcases.FasMastersMapWithLedgerPageTest" name="validateFasGroupExpenseTest" time="0.0">
    <skipped/>
  </testcase> <!-- validateFasGroupExpenseTest -->
  <testcase classname="com.thinknumbers.testcases.FasMastersMapWithLedgerPageTest" name="validateFasGroupLiabilityTest" time="0.0">
    <skipped/>
  </testcase> <!-- validateFasGroupLiabilityTest -->
  <testcase classname="com.thinknumbers.testcases.FasMastersMapWithLedgerPageTest" name="validateFasGroupAssetTest" time="0.0">
    <skipped/>
  </testcase> <!-- validateFasGroupAssetTest -->
  <testcase classname="com.thinknumbers.testcases.OMLedgerTypePageTest" name="searchLedgerTypeTest" time="10.11">
    <failure type="org.openqa.selenium.NoSuchElementException" message="no such element: Unable to locate element: {&amp;quot;method&amp;quot;:&amp;quot;xpath&amp;quot;,&amp;quot;selector&amp;quot;:&amp;quot;//tbody//tr//td[contains(text(),&amp;apos;LedgerType3&amp;apos;)]&amp;quot;}
  (Session info: MicrosoftEdge=97.0.1072.69)
For documentation on this error, please visit: https://www.seleniumhq.org/exceptions/no_such_element.html
Build info: version: &amp;apos;3.141.59&amp;apos;, revision: &amp;apos;e82be7d358&amp;apos;, time: &amp;apos;2018-11-14T08:17:03&amp;apos;
System info: host: &amp;apos;LAPTOP-65CEBPK8&amp;apos;, ip: &amp;apos;192.168.1.5&amp;apos;, os.name: &amp;apos;Windows 10&amp;apos;, os.arch: &amp;apos;amd64&amp;apos;, os.version: &amp;apos;10.0&amp;apos;, java.version: &amp;apos;16.0.2&amp;apos;
Driver info: org.openqa.selenium.edge.EdgeDriver
Capabilities {acceptInsecureCerts: false, browserName: msedge, browserVersion: 97.0.1072.69, javascriptEnabled: true, ms:edgeOptions: {debuggerAddress: localhost:59631}, msedge: {msedgedriverVersion: 96.0.1054.57 (37903eda6e60d..., userDataDir: C:\Users\ahmed\AppData\Loca...}, networkConnectionEnabled: false, pageLoadStrategy: normal, platform: WINDOWS, platformName: WINDOWS, proxy: Proxy(), setWindowRect: true, strictFileInteractability: false, timeouts: {implicit: 0, pageLoad: 300000, script: 30000}, unhandledPromptBehavior: dismiss and notify, webauthn:extension:credBlob: true, webauthn:extension:largeBlob: true, webauthn:virtualAuthenticators: true}
Session ID: 275d27674172b7172be680c11c7119d0
*** Element info: {Using=xpath, value=//tbody//tr//td[contains(text(),&amp;apos;LedgerType3&amp;apos;)]}">
      <![CDATA[org.openqa.selenium.NoSuchElementException: no such element: Unable to locate element: {"method":"xpath","selector":"//tbody//tr//td[contains(text(),'LedgerType3')]"}
  (Session info: MicrosoftEdge=97.0.1072.69)
For documentation on this error, please visit: https://www.seleniumhq.org/exceptions/no_such_element.html
Build info: version: '3.141.59', revision: 'e82be7d358', time: '2018-11-14T08:17:03'
System info: host: 'LAPTOP-65CEBPK8', ip: '192.168.1.5', os.name: 'Windows 10', os.arch: 'amd64', os.version: '10.0', java.version: '16.0.2'
Driver info: org.openqa.selenium.edge.EdgeDriver
Capabilities {acceptInsecureCerts: false, browserName: msedge, browserVersion: 97.0.1072.69, javascriptEnabled: true, ms:edgeOptions: {debuggerAddress: localhost:59631}, msedge: {msedgedriverVersion: 96.0.1054.57 (37903eda6e60d..., userDataDir: C:\Users\ahmed\AppData\Loca...}, networkConnectionEnabled: false, pageLoadStrategy: normal, platform: WINDOWS, platformName: WINDOWS, proxy: Proxy(), setWindowRect: true, strictFileInteractability: false, timeouts: {implicit: 0, pageLoad: 300000, script: 30000}, unhandledPromptBehavior: dismiss and notify, webauthn:extension:credBlob: true, webauthn:extension:largeBlob: true, webauthn:virtualAuthenticators: true}
Session ID: 275d27674172b7172be680c11c7119d0
*** Element info: {Using=xpath, value=//tbody//tr//td[contains(text(),'LedgerType3')]}
at org.openqa.selenium.remote.http.W3CHttpResponseCodec.createException(W3CHttpResponseCodec.java:187)
at org.openqa.selenium.remote.http.W3CHttpResponseCodec.decode(W3CHttpResponseCodec.java:122)
at org.openqa.selenium.remote.http.W3CHttpResponseCodec.decode(W3CHttpResponseCodec.java:49)
at org.openqa.selenium.remote.HttpCommandExecutor.execute(HttpCommandExecutor.java:158)
at org.openqa.selenium.remote.service.DriverCommandExecutor.execute(DriverCommandExecutor.java:83)
at org.openqa.selenium.remote.RemoteWebDriver.execute(RemoteWebDriver.java:552)
at org.openqa.selenium.remote.RemoteWebDriver.findElement(RemoteWebDriver.java:323)
at org.openqa.selenium.remote.RemoteWebDriver.findElementByXPath(RemoteWebDriver.java:428)
at org.openqa.selenium.By$ByXPath.findElement(By.java:353)
at org.openqa.selenium.remote.RemoteWebDriver.findElement(RemoteWebDriver.java:315)
at org.openqa.selenium.support.events.EventFiringWebDriver.lambda$new$1(EventFiringWebDriver.java:105)
at jdk.proxy2/jdk.proxy2.$Proxy11.findElement(Unknown Source)
at org.openqa.selenium.support.events.EventFiringWebDriver.findElement(EventFiringWebDriver.java:194)
at com.thinknumbers.util.AppReusableComponents.searchTable(AppReusableComponents.java:66)
at com.thinknumbers.pages.OMLedgerTypePage.searchLedgerType(OMLedgerTypePage.java:69)
at com.thinknumbers.testcases.OMLedgerTypePageTest.searchLedgerTypeTest(OMLedgerTypePageTest.java:59)
at java.base/java.util.ArrayList.forEach(ArrayList.java:1511)
... Removed 35 stack frames]]>
    </failure>
  </testcase> <!-- searchLedgerTypeTest -->
  <testcase classname="com.thinknumbers.testcases.OMLedgerTypePageTest" name="duplicateTypeTest" time="2.619">
    <failure type="java.lang.AssertionError" message="expected [Ledger Type Already Exists] but found [Ledger Type Added Successfully]">
      <![CDATA[java.lang.AssertionError: expected [Ledger Type Already Exists] but found [Ledger Type Added Successfully]
at com.thinknumbers.testcases.OMLedgerTypePageTest.duplicateTypeTest(OMLedgerTypePageTest.java:69)
at java.base/java.util.ArrayList.forEach(ArrayList.java:1511)
... Removed 33 stack frames]]>
    </failure>
  </testcase> <!-- duplicateTypeTest -->
  <testcase classname="com.thinknumbers.testcases.OMLedgerTypePageTest" name="editLedgerTypeTest" time="2.664"/>
  <testcase classname="com.thinknumbers.testcases.UploadsTBPageTest" name="trailBalanceDebitCreditNotMatchingTest" time="7.116"/>
  <testcase classname="com.thinknumbers.testcases.UploadsTBPageTest" name="trialBalanceUploadAllowedTest" time="26.666">
    <failure type="org.openqa.selenium.NoSuchElementException" message="no such element: Unable to locate element: {&amp;quot;method&amp;quot;:&amp;quot;xpath&amp;quot;,&amp;quot;selector&amp;quot;:&amp;quot;//button//span[text()=&amp;apos;OK&amp;apos;]&amp;quot;}
  (Session info: MicrosoftEdge=97.0.1072.69)
For documentation on this error, please visit: https://www.seleniumhq.org/exceptions/no_such_element.html
Build info: version: &amp;apos;3.141.59&amp;apos;, revision: &amp;apos;e82be7d358&amp;apos;, time: &amp;apos;2018-11-14T08:17:03&amp;apos;
System info: host: &amp;apos;LAPTOP-65CEBPK8&amp;apos;, ip: &amp;apos;192.168.1.5&amp;apos;, os.name: &amp;apos;Windows 10&amp;apos;, os.arch: &amp;apos;amd64&amp;apos;, os.version: &amp;apos;10.0&amp;apos;, java.version: &amp;apos;16.0.2&amp;apos;
Driver info: org.openqa.selenium.edge.EdgeDriver
Capabilities {acceptInsecureCerts: false, browserName: msedge, browserVersion: 97.0.1072.69, javascriptEnabled: true, ms:edgeOptions: {debuggerAddress: localhost:59930}, msedge: {msedgedriverVersion: 96.0.1054.57 (37903eda6e60d..., userDataDir: C:\Users\ahmed\AppData\Loca...}, networkConnectionEnabled: false, pageLoadStrategy: normal, platform: WINDOWS, platformName: WINDOWS, proxy: Proxy(), setWindowRect: true, strictFileInteractability: false, timeouts: {implicit: 0, pageLoad: 300000, script: 30000}, unhandledPromptBehavior: dismiss and notify, webauthn:extension:credBlob: true, webauthn:extension:largeBlob: true, webauthn:virtualAuthenticators: true}
Session ID: 026c31dd26a44b5e4a31e2176ff600ba
*** Element info: {Using=xpath, value=//button//span[text()=&amp;apos;OK&amp;apos;]}">
      <![CDATA[org.openqa.selenium.NoSuchElementException: no such element: Unable to locate element: {"method":"xpath","selector":"//button//span[text()='OK']"}
  (Session info: MicrosoftEdge=97.0.1072.69)
For documentation on this error, please visit: https://www.seleniumhq.org/exceptions/no_such_element.html
Build info: version: '3.141.59', revision: 'e82be7d358', time: '2018-11-14T08:17:03'
System info: host: 'LAPTOP-65CEBPK8', ip: '192.168.1.5', os.name: 'Windows 10', os.arch: 'amd64', os.version: '10.0', java.version: '16.0.2'
Driver info: org.openqa.selenium.edge.EdgeDriver
Capabilities {acceptInsecureCerts: false, browserName: msedge, browserVersion: 97.0.1072.69, javascriptEnabled: true, ms:edgeOptions: {debuggerAddress: localhost:59930}, msedge: {msedgedriverVersion: 96.0.1054.57 (37903eda6e60d..., userDataDir: C:\Users\ahmed\AppData\Loca...}, networkConnectionEnabled: false, pageLoadStrategy: normal, platform: WINDOWS, platformName: WINDOWS, proxy: Proxy(), setWindowRect: true, strictFileInteractability: false, timeouts: {implicit: 0, pageLoad: 300000, script: 30000}, unhandledPromptBehavior: dismiss and notify, webauthn:extension:credBlob: true, webauthn:extension:largeBlob: true, webauthn:virtualAuthenticators: true}
Session ID: 026c31dd26a44b5e4a31e2176ff600ba
*** Element info: {Using=xpath, value=//button//span[text()='OK']}
at org.openqa.selenium.remote.http.W3CHttpResponseCodec.createException(W3CHttpResponseCodec.java:187)
at org.openqa.selenium.remote.http.W3CHttpResponseCodec.decode(W3CHttpResponseCodec.java:122)
at org.openqa.selenium.remote.http.W3CHttpResponseCodec.decode(W3CHttpResponseCodec.java:49)
at org.openqa.selenium.remote.HttpCommandExecutor.execute(HttpCommandExecutor.java:158)
at org.openqa.selenium.remote.service.DriverCommandExecutor.execute(DriverCommandExecutor.java:83)
at org.openqa.selenium.remote.RemoteWebDriver.execute(RemoteWebDriver.java:552)
at org.openqa.selenium.remote.RemoteWebDriver.findElement(RemoteWebDriver.java:323)
at org.openqa.selenium.remote.RemoteWebDriver.findElementByXPath(RemoteWebDriver.java:428)
at org.openqa.selenium.By$ByXPath.findElement(By.java:353)
at org.openqa.selenium.remote.RemoteWebDriver.findElement(RemoteWebDriver.java:315)
at org.openqa.selenium.support.events.EventFiringWebDriver.lambda$new$1(EventFiringWebDriver.java:105)
at jdk.proxy2/jdk.proxy2.$Proxy11.findElement(Unknown Source)
at org.openqa.selenium.support.events.EventFiringWebDriver.findElement(EventFiringWebDriver.java:194)
at org.openqa.selenium.support.pagefactory.DefaultElementLocator.findElement(DefaultElementLocator.java:69)
at org.openqa.selenium.support.pagefactory.internal.LocatingElementHandler.invoke(LocatingElementHandler.java:38)
at jdk.proxy2/jdk.proxy2.$Proxy15.isDisplayed(Unknown Source)
at com.thinknumbers.pages.UploadsTBPage.confirmOverride(UploadsTBPage.java:122)
at com.thinknumbers.pages.UploadsTBPage.uploadTrialBalance(UploadsTBPage.java:98)
at com.thinknumbers.testcases.UploadsTBPageTest.trialBalanceUploadAllowedTest(UploadsTBPageTest.java:69)
at java.base/java.util.ArrayList.forEach(ArrayList.java:1511)
... Removed 35 stack frames]]>
    </failure>
  </testcase> <!-- trialBalanceUploadAllowedTest -->
  <testcase classname="com.thinknumbers.testcases.UploadsTBPageTest" name="trialBalanceNewLedgerCodeNameTest" time="7.104"/>
  <testcase classname="com.thinknumbers.testcases.UploadsTBPageTest" name="trialBalanceStringDebitCreditTest" time="7.489"/>
  <testcase classname="com.thinknumbers.testcases.UploadsTBPageTest" name="overrideTrialBalanceConfirmTest" time="26.153"/>
  <testcase classname="com.thinknumbers.testcases.UploadsDBUploadPageTest" name="uploadNewLedgerInDaybookTest" time="6.892"/>
  <testcase classname="com.thinknumbers.testcases.UploadsDBUploadPageTest" name="uploadDaybookTest" time="55.217"/>
  <testcase classname="com.thinknumbers.testcases.UploadsDBUploadPageTest" name="freezeDaybookTest" time="8.8"/>
  <testcase classname="com.thinknumbers.testcases.UploadsDBUploadPageTest" name="alreadyFrozenDaybookTest" time="11.057"/>
  <testcase classname="com.thinknumbers.testcases.UploadsDBUploadPageTest" name="uploadDaybookFrozenMonthTest" time="4.823">
    <skipped/>
  </testcase> <!-- uploadDaybookFrozenMonthTest -->
  <testcase classname="com.thinknumbers.testcases.UploadsDBUploadPageTest" name="uploadDaybookFrozenMonthTest" time="20.645"/>
  <testcase classname="com.thinknumbers.testcases.UploadsDBUploadPageTest" name="FreezeWithNoDaybookTest" time="4.661">
    <skipped/>
  </testcase> <!-- FreezeWithNoDaybookTest -->
  <testcase classname="com.thinknumbers.testcases.UploadsDBUploadPageTest" name="FreezeWithNoDaybookTest" time="4.659">
    <skipped/>
  </testcase> <!-- FreezeWithNoDaybookTest -->
  <testcase classname="com.thinknumbers.testcases.UploadsDBUploadPageTest" name="FreezeWithNoDaybookTest" time="4.652">
    <failure type="org.openqa.selenium.StaleElementReferenceException" message="stale element reference: element is not attached to the page document
  (Session info: MicrosoftEdge=97.0.1072.69)
For documentation on this error, please visit: https://www.seleniumhq.org/exceptions/stale_element_reference.html
Build info: version: &amp;apos;3.141.59&amp;apos;, revision: &amp;apos;e82be7d358&amp;apos;, time: &amp;apos;2018-11-14T08:17:03&amp;apos;
System info: host: &amp;apos;LAPTOP-65CEBPK8&amp;apos;, ip: &amp;apos;192.168.1.5&amp;apos;, os.name: &amp;apos;Windows 10&amp;apos;, os.arch: &amp;apos;amd64&amp;apos;, os.version: &amp;apos;10.0&amp;apos;, java.version: &amp;apos;16.0.2&amp;apos;
Driver info: org.openqa.selenium.edge.EdgeDriver
Capabilities {acceptInsecureCerts: false, browserName: msedge, browserVersion: 97.0.1072.69, javascriptEnabled: true, ms:edgeOptions: {debuggerAddress: localhost:60924}, msedge: {msedgedriverVersion: 96.0.1054.57 (37903eda6e60d..., userDataDir: C:\Users\ahmed\AppData\Loca...}, networkConnectionEnabled: false, pageLoadStrategy: normal, platform: WINDOWS, platformName: WINDOWS, proxy: Proxy(), setWindowRect: true, strictFileInteractability: false, timeouts: {implicit: 0, pageLoad: 300000, script: 30000}, unhandledPromptBehavior: dismiss and notify, webauthn:extension:credBlob: true, webauthn:extension:largeBlob: true, webauthn:virtualAuthenticators: true}
Session ID: 10bce1ce75f0ac939b98a06a3068f847">
      <![CDATA[org.openqa.selenium.StaleElementReferenceException: stale element reference: element is not attached to the page document
  (Session info: MicrosoftEdge=97.0.1072.69)
For documentation on this error, please visit: https://www.seleniumhq.org/exceptions/stale_element_reference.html
Build info: version: '3.141.59', revision: 'e82be7d358', time: '2018-11-14T08:17:03'
System info: host: 'LAPTOP-65CEBPK8', ip: '192.168.1.5', os.name: 'Windows 10', os.arch: 'amd64', os.version: '10.0', java.version: '16.0.2'
Driver info: org.openqa.selenium.edge.EdgeDriver
Capabilities {acceptInsecureCerts: false, browserName: msedge, browserVersion: 97.0.1072.69, javascriptEnabled: true, ms:edgeOptions: {debuggerAddress: localhost:60924}, msedge: {msedgedriverVersion: 96.0.1054.57 (37903eda6e60d..., userDataDir: C:\Users\ahmed\AppData\Loca...}, networkConnectionEnabled: false, pageLoadStrategy: normal, platform: WINDOWS, platformName: WINDOWS, proxy: Proxy(), setWindowRect: true, strictFileInteractability: false, timeouts: {implicit: 0, pageLoad: 300000, script: 30000}, unhandledPromptBehavior: dismiss and notify, webauthn:extension:credBlob: true, webauthn:extension:largeBlob: true, webauthn:virtualAuthenticators: true}
Session ID: 10bce1ce75f0ac939b98a06a3068f847
at org.openqa.selenium.remote.http.W3CHttpResponseCodec.createException(W3CHttpResponseCodec.java:187)
at org.openqa.selenium.remote.http.W3CHttpResponseCodec.decode(W3CHttpResponseCodec.java:122)
at org.openqa.selenium.remote.http.W3CHttpResponseCodec.decode(W3CHttpResponseCodec.java:49)
at org.openqa.selenium.remote.HttpCommandExecutor.execute(HttpCommandExecutor.java:158)
at org.openqa.selenium.remote.service.DriverCommandExecutor.execute(DriverCommandExecutor.java:83)
at org.openqa.selenium.remote.RemoteWebDriver.execute(RemoteWebDriver.java:552)
at org.openqa.selenium.remote.RemoteWebElement.execute(RemoteWebElement.java:285)
at org.openqa.selenium.remote.RemoteWebElement.click(RemoteWebElement.java:84)
at org.openqa.selenium.support.events.EventFiringWebDriver$EventFiringWebElement.lambda$new$0(EventFiringWebDriver.java:404)
at jdk.proxy2/jdk.proxy2.$Proxy16.click(Unknown Source)
at org.openqa.selenium.support.events.EventFiringWebDriver$EventFiringWebElement.click(EventFiringWebDriver.java:417)
at org.openqa.selenium.support.pagefactory.internal.LocatingElementHandler.invoke(LocatingElementHandler.java:51)
at jdk.proxy2/jdk.proxy2.$Proxy15.click(Unknown Source)
at com.thinknumbers.pages.UploadsDBUploadPage.selectMonth(UploadsDBUploadPage.java:128)
at com.thinknumbers.pages.UploadsDBUploadPage.freezeDaybook(UploadsDBUploadPage.java:175)
at com.thinknumbers.testcases.UploadsDBUploadPageTest.FreezeWithNoDaybookTest(UploadsDBUploadPageTest.java:117)
at java.base/java.util.ArrayList.forEach(ArrayList.java:1511)
... Removed 38 stack frames]]>
    </failure>
  </testcase> <!-- FreezeWithNoDaybookTest -->
  <testcase classname="com.thinknumbers.testcases.UploadsTrialComputationPageTest" name="viewTrialBalanceStatusTest" time="8.612"/>
  <testcase classname="com.thinknumbers.testcases.UploadsTrialComputationPageTest" name="viewDaybookUploadStatusTest" time="8.573"/>
  <testcase classname="com.thinknumbers.testcases.UploadsTrialComputationPageTest" name="runClosingTrialBalanceTest" time="40.184"/>
  <testcase classname="com.thinknumbers.testcases.UploadsFasTBUploadPageTest" name="fasTBUpload" time="13.044"/>
  <testcase classname="com.thinknumbers.testcases.UploadsFasTBValidatePageTest" name="validateVarianceTest" time="10.467"/>
  <testcase classname="com.thinknumbers.testcases.UploadsBudgetDataPageTest" name="uploadBudgetDataTest" time="4.497"/>
  <testcase classname="com.thinknumbers.testcases.UploadListTBListPageTest" name="validateOpeningTrialBalanceTest" time="7.878"/>
  <testcase classname="com.thinknumbers.testcases.UploadListTBListPageTest" name="searchNoTrialBalanceTest" time="6.667"/>
  <testcase classname="com.thinknumbers.testcases.UploadListTBListPageTest" name="validateClosingTrialBalanceTest" time="7.784"/>
  <testcase classname="com.thinknumbers.testcases.UploadListDBListPageTest" name="searchResultsDaybookListTest" time="10.289"/>
  <testcase classname="com.thinknumbers.testcases.UploadListDBListPageTest" name="searchDaybookTest" time="12.265"/>
  <testcase classname="com.thinknumbers.testcases.UploadListDBListPageTest" name="daybookNoDataTest" time="8.654"/>
  <testcase classname="com.thinknumbers.testcases.UploadListUnfreezeListPageTest" name="unfreezeDaybookTest" time="8.682"/>
  <testcase classname="com.thinknumbers.testcases.UploadListUnfreezeListPageTest" name="alreadyUnfreezedDaybookTest" time="8.609"/>
  <testcase classname="com.thinknumbers.testcases.UploadListFasTBListPageTest" name="searchFasTBTest" time="6.627"/>
  <testcase classname="com.thinknumbers.testcases.UploadListFasTBListPageTest" name="noFasTBDataTest" time="6.66"/>
  <testcase classname="com.thinknumbers.testcases.RLReportingLedgerListsPageTest" name="addRLTest" time="0.0">
    <skipped/>
  </testcase> <!-- addRLTest -->
  <testcase classname="com.thinknumbers.testcases.RLReportingLedgerListsPageTest" name="addRLTest" time="0.0">
    <skipped/>
  </testcase> <!-- addRLTest -->
  <testcase classname="com.thinknumbers.testcases.RLReportingLedgerListsPageTest" name="duplicateRLTest" time="0.0">
    <skipped/>
  </testcase> <!-- duplicateRLTest -->
  <testcase classname="com.thinknumbers.testcases.RLReportingLedgerListsPageTest" name="duplicateRLTest" time="0.0">
    <skipped/>
  </testcase> <!-- duplicateRLTest -->
  <testcase classname="com.thinknumbers.testcases.RLReportingLedgersToAccLedgersMappingPageTest" name="mapReportingLedgerRevenueTest" time="42.328"/>
  <testcase classname="com.thinknumbers.testcases.RLReportingLedgersToAccLedgersMappingPageTest" name="mapReportingLedgerExpenseTest" time="34.591">
    <failure type="org.openqa.selenium.StaleElementReferenceException" message="stale element reference: element is not attached to the page document
  (Session info: MicrosoftEdge=97.0.1072.69)
For documentation on this error, please visit: https://www.seleniumhq.org/exceptions/stale_element_reference.html
Build info: version: &amp;apos;3.141.59&amp;apos;, revision: &amp;apos;e82be7d358&amp;apos;, time: &amp;apos;2018-11-14T08:17:03&amp;apos;
System info: host: &amp;apos;LAPTOP-65CEBPK8&amp;apos;, ip: &amp;apos;192.168.1.5&amp;apos;, os.name: &amp;apos;Windows 10&amp;apos;, os.arch: &amp;apos;amd64&amp;apos;, os.version: &amp;apos;10.0&amp;apos;, java.version: &amp;apos;16.0.2&amp;apos;
Driver info: org.openqa.selenium.edge.EdgeDriver
Capabilities {acceptInsecureCerts: false, browserName: msedge, browserVersion: 97.0.1072.69, javascriptEnabled: true, ms:edgeOptions: {debuggerAddress: localhost:62459}, msedge: {msedgedriverVersion: 96.0.1054.57 (37903eda6e60d..., userDataDir: C:\Users\ahmed\AppData\Loca...}, networkConnectionEnabled: false, pageLoadStrategy: normal, platform: WINDOWS, platformName: WINDOWS, proxy: Proxy(), setWindowRect: true, strictFileInteractability: false, timeouts: {implicit: 0, pageLoad: 300000, script: 30000}, unhandledPromptBehavior: dismiss and notify, webauthn:extension:credBlob: true, webauthn:extension:largeBlob: true, webauthn:virtualAuthenticators: true}
Session ID: b2375be007cd96830b2b88a4602bceab">
      <![CDATA[org.openqa.selenium.StaleElementReferenceException: stale element reference: element is not attached to the page document
  (Session info: MicrosoftEdge=97.0.1072.69)
For documentation on this error, please visit: https://www.seleniumhq.org/exceptions/stale_element_reference.html
Build info: version: '3.141.59', revision: 'e82be7d358', time: '2018-11-14T08:17:03'
System info: host: 'LAPTOP-65CEBPK8', ip: '192.168.1.5', os.name: 'Windows 10', os.arch: 'amd64', os.version: '10.0', java.version: '16.0.2'
Driver info: org.openqa.selenium.edge.EdgeDriver
Capabilities {acceptInsecureCerts: false, browserName: msedge, browserVersion: 97.0.1072.69, javascriptEnabled: true, ms:edgeOptions: {debuggerAddress: localhost:62459}, msedge: {msedgedriverVersion: 96.0.1054.57 (37903eda6e60d..., userDataDir: C:\Users\ahmed\AppData\Loca...}, networkConnectionEnabled: false, pageLoadStrategy: normal, platform: WINDOWS, platformName: WINDOWS, proxy: Proxy(), setWindowRect: true, strictFileInteractability: false, timeouts: {implicit: 0, pageLoad: 300000, script: 30000}, unhandledPromptBehavior: dismiss and notify, webauthn:extension:credBlob: true, webauthn:extension:largeBlob: true, webauthn:virtualAuthenticators: true}
Session ID: b2375be007cd96830b2b88a4602bceab
at org.openqa.selenium.remote.http.W3CHttpResponseCodec.createException(W3CHttpResponseCodec.java:187)
at org.openqa.selenium.remote.http.W3CHttpResponseCodec.decode(W3CHttpResponseCodec.java:122)
at org.openqa.selenium.remote.http.W3CHttpResponseCodec.decode(W3CHttpResponseCodec.java:49)
at org.openqa.selenium.remote.HttpCommandExecutor.execute(HttpCommandExecutor.java:158)
at org.openqa.selenium.remote.service.DriverCommandExecutor.execute(DriverCommandExecutor.java:83)
at org.openqa.selenium.remote.RemoteWebDriver.execute(RemoteWebDriver.java:552)
at org.openqa.selenium.remote.RemoteWebElement.execute(RemoteWebElement.java:285)
at org.openqa.selenium.remote.RemoteWebElement.clear(RemoteWebElement.java:124)
at org.openqa.selenium.support.events.EventFiringWebDriver$EventFiringWebElement.lambda$new$0(EventFiringWebDriver.java:404)
at jdk.proxy2/jdk.proxy2.$Proxy16.clear(Unknown Source)
at org.openqa.selenium.support.events.EventFiringWebDriver$EventFiringWebElement.clear(EventFiringWebDriver.java:436)
at org.openqa.selenium.support.pagefactory.internal.LocatingElementHandler.invoke(LocatingElementHandler.java:51)
at jdk.proxy2/jdk.proxy2.$Proxy15.clear(Unknown Source)
at com.thinknumbers.pages.RLReportingLedgersToAccLedgersMappingPage.mapRL(RLReportingLedgersToAccLedgersMappingPage.java:95)
at com.thinknumbers.testcases.RLReportingLedgersToAccLedgersMappingPageTest.mapReportingLedgerExpenseTest(RLReportingLedgersToAccLedgersMappingPageTest.java:61)
at java.base/java.util.ArrayList.forEach(ArrayList.java:1511)
... Removed 38 stack frames]]>
    </failure>
  </testcase> <!-- mapReportingLedgerExpenseTest -->
  <testcase classname="com.thinknumbers.testcases.RLReportingLedgersToAccLedgersMappingPageTest" name="mapReportingLedgerLiabilityTest" time="48.359"/>
  <testcase classname="com.thinknumbers.testcases.RLReportingLedgersToAccLedgersMappingPageTest" name="mapReportingLedgerAssetTest" time="46.403"/>
  <testcase classname="com.thinknumbers.testcases.ReportDesignReportSectionPageTest" name="addALReport" time="12.064"/>
  <testcase classname="com.thinknumbers.testcases.ReportDesignReportSectionPageTest" name="addALReport" time="12.227"/>
  <testcase classname="com.thinknumbers.testcases.ReportDesignReportSectionPageTest" name="addALReport" time="12.177"/>
  <testcase classname="com.thinknumbers.testcases.ReportDesignReportSectionPageTest" name="addALReport" time="12.468"/>
  <testcase classname="com.thinknumbers.testcases.ReportDesignReportSectionPageTest" name="duplicateALReport" time="12.043"/>
  <testcase classname="com.thinknumbers.testcases.ReportDesignReportSectionPageTest" name="duplicateALReport" time="12.376"/>
  <testcase classname="com.thinknumbers.testcases.ReportDesignReportSectionPageTest" name="duplicateALReport" time="12.164"/>
  <testcase classname="com.thinknumbers.testcases.ReportDesignReportSectionPageTest" name="duplicateALReport" time="12.395"/>
  <testcase classname="com.thinknumbers.testcases.ReportDesignReportSectionPageTest" name="updateALReport" time="1.531">
    <skipped/>
  </testcase> <!-- updateALReport -->
  <testcase classname="com.thinknumbers.testcases.ReportDesignReportSectionPageTest" name="updateALReport" time="1.362">
    <skipped/>
  </testcase> <!-- updateALReport -->
  <testcase classname="com.thinknumbers.testcases.ReportDesignReportSectionPageTest" name="updateALReport" time="1.331">
    <failure type="org.openqa.selenium.ElementClickInterceptedException" message="element click intercepted: Element is not clickable at point (891, 837)
  (Session info: MicrosoftEdge=97.0.1072.69)
Build info: version: &amp;apos;3.141.59&amp;apos;, revision: &amp;apos;e82be7d358&amp;apos;, time: &amp;apos;2018-11-14T08:17:03&amp;apos;
System info: host: &amp;apos;LAPTOP-65CEBPK8&amp;apos;, ip: &amp;apos;192.168.1.5&amp;apos;, os.name: &amp;apos;Windows 10&amp;apos;, os.arch: &amp;apos;amd64&amp;apos;, os.version: &amp;apos;10.0&amp;apos;, java.version: &amp;apos;16.0.2&amp;apos;
Driver info: org.openqa.selenium.edge.EdgeDriver
Capabilities {acceptInsecureCerts: false, browserName: msedge, browserVersion: 97.0.1072.69, javascriptEnabled: true, ms:edgeOptions: {debuggerAddress: localhost:63546}, msedge: {msedgedriverVersion: 96.0.1054.57 (37903eda6e60d..., userDataDir: C:\Users\ahmed\AppData\Loca...}, networkConnectionEnabled: false, pageLoadStrategy: normal, platform: WINDOWS, platformName: WINDOWS, proxy: Proxy(), setWindowRect: true, strictFileInteractability: false, timeouts: {implicit: 0, pageLoad: 300000, script: 30000}, unhandledPromptBehavior: dismiss and notify, webauthn:extension:credBlob: true, webauthn:extension:largeBlob: true, webauthn:virtualAuthenticators: true}
Session ID: b8bc7b7c4b58c5262bacd6ceaf6944e9">
      <![CDATA[org.openqa.selenium.ElementClickInterceptedException: element click intercepted: Element is not clickable at point (891, 837)
  (Session info: MicrosoftEdge=97.0.1072.69)
Build info: version: '3.141.59', revision: 'e82be7d358', time: '2018-11-14T08:17:03'
System info: host: 'LAPTOP-65CEBPK8', ip: '192.168.1.5', os.name: 'Windows 10', os.arch: 'amd64', os.version: '10.0', java.version: '16.0.2'
Driver info: org.openqa.selenium.edge.EdgeDriver
Capabilities {acceptInsecureCerts: false, browserName: msedge, browserVersion: 97.0.1072.69, javascriptEnabled: true, ms:edgeOptions: {debuggerAddress: localhost:63546}, msedge: {msedgedriverVersion: 96.0.1054.57 (37903eda6e60d..., userDataDir: C:\Users\ahmed\AppData\Loca...}, networkConnectionEnabled: false, pageLoadStrategy: normal, platform: WINDOWS, platformName: WINDOWS, proxy: Proxy(), setWindowRect: true, strictFileInteractability: false, timeouts: {implicit: 0, pageLoad: 300000, script: 30000}, unhandledPromptBehavior: dismiss and notify, webauthn:extension:credBlob: true, webauthn:extension:largeBlob: true, webauthn:virtualAuthenticators: true}
Session ID: b8bc7b7c4b58c5262bacd6ceaf6944e9
at org.openqa.selenium.remote.http.W3CHttpResponseCodec.createException(W3CHttpResponseCodec.java:187)
at org.openqa.selenium.remote.http.W3CHttpResponseCodec.decode(W3CHttpResponseCodec.java:122)
at org.openqa.selenium.remote.http.W3CHttpResponseCodec.decode(W3CHttpResponseCodec.java:49)
at org.openqa.selenium.remote.HttpCommandExecutor.execute(HttpCommandExecutor.java:158)
at org.openqa.selenium.remote.service.DriverCommandExecutor.execute(DriverCommandExecutor.java:83)
at org.openqa.selenium.remote.RemoteWebDriver.execute(RemoteWebDriver.java:552)
at org.openqa.selenium.remote.RemoteWebElement.execute(RemoteWebElement.java:285)
at org.openqa.selenium.remote.RemoteWebElement.click(RemoteWebElement.java:84)
at org.openqa.selenium.support.events.EventFiringWebDriver$EventFiringWebElement.lambda$new$0(EventFiringWebDriver.java:404)
at jdk.proxy2/jdk.proxy2.$Proxy16.click(Unknown Source)
at org.openqa.selenium.support.events.EventFiringWebDriver$EventFiringWebElement.click(EventFiringWebDriver.java:417)
at org.openqa.selenium.support.pagefactory.internal.LocatingElementHandler.invoke(LocatingElementHandler.java:51)
at jdk.proxy2/jdk.proxy2.$Proxy15.click(Unknown Source)
at com.thinknumbers.pages.ReportDesignReportSectionPage.updateReportSection(ReportDesignReportSectionPage.java:95)
at com.thinknumbers.testcases.ReportDesignReportSectionPageTest.updateALReport(ReportDesignReportSectionPageTest.java:83)
at java.base/java.util.ArrayList.forEach(ArrayList.java:1511)
... Removed 38 stack frames]]>
    </failure>
  </testcase> <!-- updateALReport -->
  <testcase classname="com.thinknumbers.testcases.ReportDesignReportTemplatePageTest" name="addReportTemplateTest" time="8.562"/>
  <testcase classname="com.thinknumbers.testcases.ReportDesignReportTemplatePageTest" name="addReportTemplateTest" time="10.886"/>
  <testcase classname="com.thinknumbers.testcases.ReportDesignReportTemplatePageTest" name="duplicateReportTemplateTest" time="8.793"/>
  <testcase classname="com.thinknumbers.testcases.ReportDesignReportTemplatePageTest" name="duplicateReportTemplateTest" time="10.873"/>
  <testcase classname="com.thinknumbers.testcases.ReportDesignReportTemplatePageTest" name="updateReportTemplateTest" time="1.762"/>
  <testcase classname="com.thinknumbers.testcases.DashboardDesignKeyNumbersPageTest" name="addKeyNumberTest" time="8.099"/>
  <testcase classname="com.thinknumbers.testcases.DashboardDesignKeyNumbersPageTest" name="addKeyNumberTest" time="8.115"/>
  <testcase classname="com.thinknumbers.testcases.DashboardDesignKeyNumbersPageTest" name="duplicateKeyNumberTest" time="8.041"/>
  <testcase classname="com.thinknumbers.testcases.DashboardDesignKeyNumbersPageTest" name="duplicateKeyNumberTest" time="8.132"/>
  <testcase classname="com.thinknumbers.testcases.DashboardDesignKeyNumbersPageTest" name="editKeyNumbersTest" time="1.294"/>
  <testcase classname="com.thinknumbers.testcases.DashboardDesignChartsPageTest" name="addChartsTest" time="12.801"/>
  <testcase classname="com.thinknumbers.testcases.DashboardDesignChartsPageTest" name="addChartsTest" time="12.968"/>
  <testcase classname="com.thinknumbers.testcases.DashboardDesignChartsPageTest" name="duplicateChartsTest" time="12.648"/>
  <testcase classname="com.thinknumbers.testcases.DashboardDesignChartsPageTest" name="duplicateChartsTest" time="12.876"/>
  <testcase classname="com.thinknumbers.testcases.DashboardDesignChartsPageTest" name="editChartsTest" time="1.295"/>
  <testcase classname="com.thinknumbers.testcases.DashboardDesignTablesPageTest" name="addTablesTest" time="16.925">
    <failure type="java.lang.AssertionError" message="expected [Added Successfully] but found [Please Enter Title]">
      <![CDATA[java.lang.AssertionError: expected [Added Successfully] but found [Please Enter Title]
at com.thinknumbers.testcases.DashboardDesignTablesPageTest.addTablesTest(DashboardDesignTablesPageTest.java:61)
at java.base/java.util.ArrayList.forEach(ArrayList.java:1511)
... Removed 33 stack frames]]>
    </failure>
  </testcase> <!-- addTablesTest -->
  <testcase classname="com.thinknumbers.testcases.DashboardDesignTablesPageTest" name="addTablesTest" time="14.559"/>
  <testcase classname="com.thinknumbers.testcases.DashboardDesignTablesPageTest" name="duplicateTablesTest" time="16.809">
    <failure type="java.lang.AssertionError" message="expected [Title Already Exist] but found [Please Enter Title]">
      <![CDATA[java.lang.AssertionError: expected [Title Already Exist] but found [Please Enter Title]
at com.thinknumbers.testcases.DashboardDesignTablesPageTest.duplicateTablesTest(DashboardDesignTablesPageTest.java:70)
at java.base/java.util.ArrayList.forEach(ArrayList.java:1511)
... Removed 33 stack frames]]>
    </failure>
  </testcase> <!-- duplicateTablesTest -->
  <testcase classname="com.thinknumbers.testcases.DashboardDesignTablesPageTest" name="duplicateTablesTest" time="14.589"/>
  <testcase classname="com.thinknumbers.testcases.DashboardDesignTablesPageTest" name="editTablesTest" time="0.0">
    <skipped/>
  </testcase> <!-- editTablesTest -->
  <testcase classname="com.thinknumbers.testcases.DashboardDesignDashboardCreationPageTest" name="createDashboardTest" time="0.0">
    <skipped/>
  </testcase> <!-- createDashboardTest -->
  <testcase classname="com.thinknumbers.testcases.DashboardDesignDashboardCreationPageTest" name="duplicateDashboardTest" time="0.0">
    <skipped/>
  </testcase> <!-- duplicateDashboardTest -->
  <testcase classname="com.thinknumbers.testcases.DashboardDesignDashboardCreationPageTest" name="updateDashboardTest" time="0.0">
    <skipped/>
  </testcase> <!-- updateDashboardTest -->
  <testcase classname="com.thinknumbers.testcases.ReportRunDBRLMapPageTest" name="daybookRLMapTest" time="14.446"/>
  <testcase classname="com.thinknumbers.testcases.ReportRunReportCalculationPageTest" name="calculateReportTest" time="15.373"/>
  <testcase classname="com.thinknumbers.testcases.ReportRunReportCalculatedPageTest" name="viewReportCalculatedTest" time="37.795"/>
  <testcase classname="com.thinknumbers.testcases.ReportRunALReportCalculationPageTest" name="runMonthlyTest" time="12.741"/>
  <testcase classname="com.thinknumbers.testcases.ReportRunALReportCalculationPageTest" name="runQuaterlyTest" time="12.756"/>
  <testcase classname="com.thinknumbers.testcases.ReportRunALReportCalculationPageTest" name="runDailyTest" time="12.78"/>
  <testcase classname="com.thinknumbers.testcases.ReportRunPublishReportPageTest" name="publishReportTest" time="14.985"/>
  <testcase classname="com.thinknumbers.testcases.ReportRunPublishReportPageTest" name="duplicatePublishReportTest" time="14.763"/>
  <testcase classname="com.thinknumbers.testcases.ReportRunPublishReportPageTest" name="updatePublishReportTest" time="4.529"/>
  <testcase classname="com.thinknumbers.testcases.UploadsTBPageTest" name="trialBalanceEmptyRowTest" time="0.0">
    <ignored/>
  </testcase> <!-- trialBalanceEmptyRowTest -->
  <testcase classname="com.thinknumbers.testcases.UploadsDBUploadPageTest" name="uploadDaybookWithoutTrialBalanceTest" time="0.0">
    <ignored/>
  </testcase> <!-- uploadDaybookWithoutTrialBalanceTest -->
  <testcase classname="com.thinknumbers.testcases.OMLedgerTypePageTest" name="addLedgerTypeTest" time="0.0">
    <ignored/>
  </testcase> <!-- addLedgerTypeTest -->
  <testcase classname="com.thinknumbers.testcases.FasMastersLedgerListPageTest" name="incorrectLedgerComboTest" time="0.0">
    <ignored/>
  </testcase> <!-- incorrectLedgerComboTest -->
  <testcase classname="com.thinknumbers.testcases.FasMastersLedgerListPageTest" name="uploadIncorrectDataTest" time="0.0">
    <ignored/>
  </testcase> <!-- uploadIncorrectDataTest -->
  <testcase classname="com.thinknumbers.testcases.ThinkiamHomePageTest" name="verifyThinkiamLogoutTest" time="0.0">
    <ignored/>
  </testcase> <!-- verifyThinkiamLogoutTest -->
  <testcase classname="com.thinknumbers.testcases.UploadsDBUploadPageTest" name="uploadDaybookCostCentreInMultipleCostCategoryTest" time="0.0">
    <ignored/>
  </testcase> <!-- uploadDaybookCostCentreInMultipleCostCategoryTest -->
</testsuite> <!-- Think Numbers Test Cases -->
