<?xml version="1.0" encoding="UTF-8"?>
<testng-results ignored="0" total="8" passed="7" failed="1" skipped="0">
  <reporter-output>
  </reporter-output>
  <suite started-at="2021-09-29T10:59:57 IST" name="ThinkNumbers Test Automation Suite" finished-at="2021-09-29T11:02:37 IST" duration-ms="159768">
    <groups>
    </groups>
    <test started-at="2021-09-29T10:59:57 IST" name="Think Numbers Smoke Test Cases" finished-at="2021-09-29T11:02:37 IST" duration-ms="159768">
      <class name="com.thinknumbers.smoketesting.ThinkNumbersSmokeTest">
        <test-method is-config="true" signature="setUp()[pri:0, instance:com.thinknumbers.smoketesting.ThinkNumbersSmokeTest@53ce1329]" started-at="2021-09-29T10:59:57 IST" name="setUp" finished-at="2021-09-29T11:00:23 IST" duration-ms="26266" status="PASS">
          <reporter-output>
          </reporter-output>
        </test-method> <!-- setUp -->
        <test-method signature="companyTest()[pri:1, instance:com.thinknumbers.smoketesting.ThinkNumbersSmokeTest@53ce1329]" started-at="2021-09-29T11:00:23 IST" name="companyTest" finished-at="2021-09-29T11:00:23 IST" duration-ms="253" status="PASS">
          <reporter-output>
          </reporter-output>
        </test-method> <!-- companyTest -->
        <test-method is-config="true" signature="logOutChildWindow()[pri:0, instance:com.thinknumbers.smoketesting.ThinkNumbersSmokeTest@53ce1329]" started-at="2021-09-29T11:00:23 IST" name="logOutChildWindow" finished-at="2021-09-29T11:00:24 IST" duration-ms="183" status="PASS">
          <reporter-output>
          </reporter-output>
        </test-method> <!-- logOutChildWindow -->
        <test-method is-config="true" signature="setUp()[pri:0, instance:com.thinknumbers.smoketesting.ThinkNumbersSmokeTest@53ce1329]" started-at="2021-09-29T11:00:24 IST" name="setUp" finished-at="2021-09-29T11:00:40 IST" duration-ms="16728" status="PASS">
          <reporter-output>
          </reporter-output>
        </test-method> <!-- setUp -->
        <test-method signature="subMasterTest()[pri:2, instance:com.thinknumbers.smoketesting.ThinkNumbersSmokeTest@53ce1329]" started-at="2021-09-29T11:00:40 IST" name="subMasterTest" finished-at="2021-09-29T11:00:42 IST" duration-ms="1290" status="PASS">
          <reporter-output>
          </reporter-output>
        </test-method> <!-- subMasterTest -->
        <test-method is-config="true" signature="logOutChildWindow()[pri:0, instance:com.thinknumbers.smoketesting.ThinkNumbersSmokeTest@53ce1329]" started-at="2021-09-29T11:00:42 IST" name="logOutChildWindow" finished-at="2021-09-29T11:00:42 IST" duration-ms="151" status="PASS">
          <reporter-output>
          </reporter-output>
        </test-method> <!-- logOutChildWindow -->
        <test-method is-config="true" signature="setUp()[pri:0, instance:com.thinknumbers.smoketesting.ThinkNumbersSmokeTest@53ce1329]" started-at="2021-09-29T11:00:42 IST" name="setUp" finished-at="2021-09-29T11:00:58 IST" duration-ms="15872" status="PASS">
          <reporter-output>
          </reporter-output>
        </test-method> <!-- setUp -->
        <test-method signature="analysisGroupTest()[pri:3, instance:com.thinknumbers.smoketesting.ThinkNumbersSmokeTest@53ce1329]" started-at="2021-09-29T11:00:58 IST" name="analysisGroupTest" finished-at="2021-09-29T11:00:58 IST" duration-ms="150" status="PASS">
          <reporter-output>
          </reporter-output>
        </test-method> <!-- analysisGroupTest -->
        <test-method is-config="true" signature="logOutChildWindow()[pri:0, instance:com.thinknumbers.smoketesting.ThinkNumbersSmokeTest@53ce1329]" started-at="2021-09-29T11:00:58 IST" name="logOutChildWindow" finished-at="2021-09-29T11:00:58 IST" duration-ms="147" status="PASS">
          <reporter-output>
          </reporter-output>
        </test-method> <!-- logOutChildWindow -->
        <test-method is-config="true" signature="setUp()[pri:0, instance:com.thinknumbers.smoketesting.ThinkNumbersSmokeTest@53ce1329]" started-at="2021-09-29T11:00:58 IST" name="setUp" finished-at="2021-09-29T11:01:17 IST" duration-ms="19040" status="PASS">
          <reporter-output>
          </reporter-output>
        </test-method> <!-- setUp -->
        <test-method signature="accountingGroupTest()[pri:4, instance:com.thinknumbers.smoketesting.ThinkNumbersSmokeTest@53ce1329]" started-at="2021-09-29T11:01:17 IST" name="accountingGroupTest" finished-at="2021-09-29T11:01:17 IST" duration-ms="195" status="PASS">
          <reporter-output>
          </reporter-output>
        </test-method> <!-- accountingGroupTest -->
        <test-method is-config="true" signature="logOutChildWindow()[pri:0, instance:com.thinknumbers.smoketesting.ThinkNumbersSmokeTest@53ce1329]" started-at="2021-09-29T11:01:17 IST" name="logOutChildWindow" finished-at="2021-09-29T11:01:17 IST" duration-ms="171" status="PASS">
          <reporter-output>
          </reporter-output>
        </test-method> <!-- logOutChildWindow -->
        <test-method is-config="true" signature="setUp()[pri:0, instance:com.thinknumbers.smoketesting.ThinkNumbersSmokeTest@53ce1329]" started-at="2021-09-29T11:01:17 IST" name="setUp" finished-at="2021-09-29T11:01:35 IST" duration-ms="17710" status="PASS">
          <reporter-output>
          </reporter-output>
        </test-method> <!-- setUp -->
        <test-method signature="dayBookTest()[pri:5, instance:com.thinknumbers.smoketesting.ThinkNumbersSmokeTest@53ce1329]" started-at="2021-09-29T11:01:35 IST" name="dayBookTest" finished-at="2021-09-29T11:01:36 IST" duration-ms="1411" status="FAIL">
          <exception class="org.openqa.selenium.ElementClickInterceptedException">
            <message>
              <![CDATA[element click intercepted: Element <a _ngcontent-wmg-c27="" class="mat-tab-link ng-star-inserted" mat-tab-link="" routerlinkactive="" ng-reflect-active="false" ng-reflect-router-link="un-freeze-list" ng-reflect-router-link-active="" aria-disabled="false" tabindex="0" href="#/thinknumbers/masters/day-books/un-freeze-list">...</a> is not clickable at point (670, 113). Other element would receive the click: <div class="cdk-overlay-backdrop cdk-overlay-dark-backdrop cdk-overlay-backdrop-showing"></div>
  (Session info: chrome=94.0.4606.61)
Build info: version: '3.141.59', revision: 'e82be7d358', time: '2018-11-14T08:17:03'
System info: host: 'LAPTOP-65CEBPK8', ip: '10.81.233.8', os.name: 'Windows 10', os.arch: 'amd64', os.version: '10.0', java.version: '16.0.2'
Driver info: org.openqa.selenium.chrome.ChromeDriver
Capabilities {acceptInsecureCerts: false, browserName: chrome, browserVersion: 94.0.4606.61, chrome: {chromedriverVersion: 93.0.4577.15 (660fc11082ba5..., userDataDir: C:\Users\ahmed\AppData\Loca...}, goog:chromeOptions: {debuggerAddress: localhost:53016}, javascriptEnabled: true, networkConnectionEnabled: false, pageLoadStrategy: normal, platform: WINDOWS, platformName: WINDOWS, proxy: Proxy(), setWindowRect: true, strictFileInteractability: false, timeouts: {implicit: 0, pageLoad: 300000, script: 30000}, unhandledPromptBehavior: dismiss and notify, webauthn:extension:credBlob: true, webauthn:extension:largeBlob: true, webauthn:virtualAuthenticators: true}
Session ID: 332399c62c427e1c3b0a48fb1ef6c83c]]>
            </message>
            <full-stacktrace>
              <![CDATA[org.openqa.selenium.ElementClickInterceptedException: element click intercepted: Element <a _ngcontent-wmg-c27="" class="mat-tab-link ng-star-inserted" mat-tab-link="" routerlinkactive="" ng-reflect-active="false" ng-reflect-router-link="un-freeze-list" ng-reflect-router-link-active="" aria-disabled="false" tabindex="0" href="#/thinknumbers/masters/day-books/un-freeze-list">...</a> is not clickable at point (670, 113). Other element would receive the click: <div class="cdk-overlay-backdrop cdk-overlay-dark-backdrop cdk-overlay-backdrop-showing"></div>
  (Session info: chrome=94.0.4606.61)
Build info: version: '3.141.59', revision: 'e82be7d358', time: '2018-11-14T08:17:03'
System info: host: 'LAPTOP-65CEBPK8', ip: '10.81.233.8', os.name: 'Windows 10', os.arch: 'amd64', os.version: '10.0', java.version: '16.0.2'
Driver info: org.openqa.selenium.chrome.ChromeDriver
Capabilities {acceptInsecureCerts: false, browserName: chrome, browserVersion: 94.0.4606.61, chrome: {chromedriverVersion: 93.0.4577.15 (660fc11082ba5..., userDataDir: C:\Users\ahmed\AppData\Loca...}, goog:chromeOptions: {debuggerAddress: localhost:53016}, javascriptEnabled: true, networkConnectionEnabled: false, pageLoadStrategy: normal, platform: WINDOWS, platformName: WINDOWS, proxy: Proxy(), setWindowRect: true, strictFileInteractability: false, timeouts: {implicit: 0, pageLoad: 300000, script: 30000}, unhandledPromptBehavior: dismiss and notify, webauthn:extension:credBlob: true, webauthn:extension:largeBlob: true, webauthn:virtualAuthenticators: true}
Session ID: 332399c62c427e1c3b0a48fb1ef6c83c
at java.base/jdk.internal.reflect.NativeConstructorAccessorImpl.newInstance0(Native Method)
at java.base/jdk.internal.reflect.NativeConstructorAccessorImpl.newInstance(NativeConstructorAccessorImpl.java:78)
at java.base/jdk.internal.reflect.DelegatingConstructorAccessorImpl.newInstance(DelegatingConstructorAccessorImpl.java:45)
at java.base/java.lang.reflect.Constructor.newInstanceWithCaller(Constructor.java:499)
at java.base/java.lang.reflect.Constructor.newInstance(Constructor.java:480)
at org.openqa.selenium.remote.http.W3CHttpResponseCodec.createException(W3CHttpResponseCodec.java:187)
at org.openqa.selenium.remote.http.W3CHttpResponseCodec.decode(W3CHttpResponseCodec.java:122)
at org.openqa.selenium.remote.http.W3CHttpResponseCodec.decode(W3CHttpResponseCodec.java:49)
at org.openqa.selenium.remote.HttpCommandExecutor.execute(HttpCommandExecutor.java:158)
at org.openqa.selenium.remote.service.DriverCommandExecutor.execute(DriverCommandExecutor.java:83)
at org.openqa.selenium.remote.RemoteWebDriver.execute(RemoteWebDriver.java:552)
at org.openqa.selenium.remote.RemoteWebElement.execute(RemoteWebElement.java:285)
at org.openqa.selenium.remote.RemoteWebElement.click(RemoteWebElement.java:84)
at jdk.internal.reflect.GeneratedMethodAccessor6.invoke(Unknown Source)
at java.base/jdk.internal.reflect.DelegatingMethodAccessorImpl.invoke(DelegatingMethodAccessorImpl.java:43)
at java.base/java.lang.reflect.Method.invoke(Method.java:567)
at org.openqa.selenium.support.events.EventFiringWebDriver$EventFiringWebElement.lambda$new$0(EventFiringWebDriver.java:404)
at jdk.proxy2/jdk.proxy2.$Proxy11.click(Unknown Source)
at org.openqa.selenium.support.events.EventFiringWebDriver$EventFiringWebElement.click(EventFiringWebDriver.java:417)
at com.thinknumbers.smoketesting.ThinkNumbersSmokeTest.dayBookTest(ThinkNumbersSmokeTest.java:137)
at java.base/jdk.internal.reflect.NativeMethodAccessorImpl.invoke0(Native Method)
at java.base/jdk.internal.reflect.NativeMethodAccessorImpl.invoke(NativeMethodAccessorImpl.java:78)
at java.base/jdk.internal.reflect.DelegatingMethodAccessorImpl.invoke(DelegatingMethodAccessorImpl.java:43)
at java.base/java.lang.reflect.Method.invoke(Method.java:567)
at org.testng.internal.MethodInvocationHelper.invokeMethod(MethodInvocationHelper.java:133)
at org.testng.internal.TestInvoker.invokeMethod(TestInvoker.java:598)
at org.testng.internal.TestInvoker.invokeTestMethod(TestInvoker.java:173)
at org.testng.internal.MethodRunner.runInSequence(MethodRunner.java:46)
at org.testng.internal.TestInvoker$MethodInvocationAgent.invoke(TestInvoker.java:824)
at org.testng.internal.TestInvoker.invokeTestMethods(TestInvoker.java:146)
at org.testng.internal.TestMethodWorker.invokeTestMethods(TestMethodWorker.java:146)
at org.testng.internal.TestMethodWorker.run(TestMethodWorker.java:128)
at java.base/java.util.ArrayList.forEach(ArrayList.java:1511)
at org.testng.TestRunner.privateRun(TestRunner.java:794)
at org.testng.TestRunner.run(TestRunner.java:596)
at org.testng.SuiteRunner.runTest(SuiteRunner.java:377)
at org.testng.SuiteRunner.runSequentially(SuiteRunner.java:371)
at org.testng.SuiteRunner.privateRun(SuiteRunner.java:332)
at org.testng.SuiteRunner.run(SuiteRunner.java:276)
at org.testng.SuiteRunnerWorker.runSuite(SuiteRunnerWorker.java:53)
at org.testng.SuiteRunnerWorker.run(SuiteRunnerWorker.java:96)
at org.testng.TestNG.runSuitesSequentially(TestNG.java:1212)
at org.testng.TestNG.runSuitesLocally(TestNG.java:1134)
at org.testng.TestNG.runSuites(TestNG.java:1063)
at org.testng.TestNG.run(TestNG.java:1031)
at org.testng.remote.AbstractRemoteTestNG.run(AbstractRemoteTestNG.java:115)
at org.testng.remote.RemoteTestNG.initAndRun(RemoteTestNG.java:251)
at org.testng.remote.RemoteTestNG.main(RemoteTestNG.java:77)
]]>
            </full-stacktrace>
          </exception> <!-- org.openqa.selenium.ElementClickInterceptedException -->
          <reporter-output>
          </reporter-output>
        </test-method> <!-- dayBookTest -->
        <test-method is-config="true" signature="logOutChildWindow()[pri:0, instance:com.thinknumbers.smoketesting.ThinkNumbersSmokeTest@53ce1329]" started-at="2021-09-29T11:01:37 IST" name="logOutChildWindow" finished-at="2021-09-29T11:01:37 IST" duration-ms="156" status="PASS">
          <reporter-output>
          </reporter-output>
        </test-method> <!-- logOutChildWindow -->
        <test-method is-config="true" signature="setUp()[pri:0, instance:com.thinknumbers.smoketesting.ThinkNumbersSmokeTest@53ce1329]" started-at="2021-09-29T11:01:37 IST" name="setUp" finished-at="2021-09-29T11:01:54 IST" duration-ms="17465" status="PASS">
          <reporter-output>
          </reporter-output>
        </test-method> <!-- setUp -->
        <test-method signature="trailBalanceTest()[pri:6, instance:com.thinknumbers.smoketesting.ThinkNumbersSmokeTest@53ce1329]" started-at="2021-09-29T11:01:54 IST" name="trailBalanceTest" finished-at="2021-09-29T11:01:55 IST" duration-ms="434" status="PASS">
          <reporter-output>
          </reporter-output>
        </test-method> <!-- trailBalanceTest -->
        <test-method is-config="true" signature="logOutChildWindow()[pri:0, instance:com.thinknumbers.smoketesting.ThinkNumbersSmokeTest@53ce1329]" started-at="2021-09-29T11:01:55 IST" name="logOutChildWindow" finished-at="2021-09-29T11:01:55 IST" duration-ms="153" status="PASS">
          <reporter-output>
          </reporter-output>
        </test-method> <!-- logOutChildWindow -->
        <test-method is-config="true" signature="setUp()[pri:0, instance:com.thinknumbers.smoketesting.ThinkNumbersSmokeTest@53ce1329]" started-at="2021-09-29T11:01:55 IST" name="setUp" finished-at="2021-09-29T11:02:19 IST" duration-ms="23833" status="PASS">
          <reporter-output>
          </reporter-output>
        </test-method> <!-- setUp -->
        <test-method signature="fasTrailBalanceTest()[pri:7, instance:com.thinknumbers.smoketesting.ThinkNumbersSmokeTest@53ce1329]" started-at="2021-09-29T11:02:19 IST" name="fasTrailBalanceTest" finished-at="2021-09-29T11:02:19 IST" duration-ms="383" status="PASS">
          <reporter-output>
          </reporter-output>
        </test-method> <!-- fasTrailBalanceTest -->
        <test-method is-config="true" signature="logOutChildWindow()[pri:0, instance:com.thinknumbers.smoketesting.ThinkNumbersSmokeTest@53ce1329]" started-at="2021-09-29T11:02:19 IST" name="logOutChildWindow" finished-at="2021-09-29T11:02:19 IST" duration-ms="132" status="PASS">
          <reporter-output>
          </reporter-output>
        </test-method> <!-- logOutChildWindow -->
        <test-method is-config="true" signature="setUp()[pri:0, instance:com.thinknumbers.smoketesting.ThinkNumbersSmokeTest@53ce1329]" started-at="2021-09-29T11:02:19 IST" name="setUp" finished-at="2021-09-29T11:02:36 IST" duration-ms="16778" status="PASS">
          <reporter-output>
          </reporter-output>
        </test-method> <!-- setUp -->
        <test-method signature="reportingLedgerTest()[pri:8, instance:com.thinknumbers.smoketesting.ThinkNumbersSmokeTest@53ce1329]" started-at="2021-09-29T11:02:36 IST" name="reportingLedgerTest" finished-at="2021-09-29T11:02:36 IST" duration-ms="400" status="PASS">
          <reporter-output>
          </reporter-output>
        </test-method> <!-- reportingLedgerTest -->
        <test-method is-config="true" signature="logOutChildWindow()[pri:0, instance:com.thinknumbers.smoketesting.ThinkNumbersSmokeTest@53ce1329]" started-at="2021-09-29T11:02:36 IST" name="logOutChildWindow" finished-at="2021-09-29T11:02:37 IST" duration-ms="167" status="PASS">
          <reporter-output>
          </reporter-output>
        </test-method> <!-- logOutChildWindow -->
      </class> <!-- com.thinknumbers.smoketesting.ThinkNumbersSmokeTest -->
    </test> <!-- Think Numbers Smoke Test Cases -->
  </suite> <!-- ThinkNumbers Test Automation Suite -->
</testng-results>
